{"message":"::1 - - [31/Jul/2020:20:42:44 +0000] \"GET /favicon.ico HTTP/1.1\" 404 1083 \"http://localhost:3001/user/1/inform\" \"Mozilla/5.0 (Macintosh; Intel Mac OS X 10_15_1) AppleWebKit/605.1.15 (KHTML, like Gecko) Version/13.0.3 Safari/605.1.15\"\n","level":"info"}
{"message":"::1 - - [31/Jul/2020:20:42:45 +0000] \"GET /user/1/inform HTTP/1.1\" 500 2 \"-\" \"Mozilla/5.0 (Macintosh; Intel Mac OS X 10_15_1) AppleWebKit/605.1.15 (KHTML, like Gecko) Version/13.0.3 Safari/605.1.15\"\n","level":"info"}
{"message":"::1 - - [31/Jul/2020:20:42:45 +0000] \"GET /favicon.ico HTTP/1.1\" 404 1083 \"http://localhost:3001/user/1/inform\" \"Mozilla/5.0 (Macintosh; Intel Mac OS X 10_15_1) AppleWebKit/605.1.15 (KHTML, like Gecko) Version/13.0.3 Safari/605.1.15\"\n","level":"info"}
{"message":"::1 - - [31/Jul/2020:20:42:45 +0000] \"GET /user/1/inform HTTP/1.1\" 500 2 \"-\" \"Mozilla/5.0 (Macintosh; Intel Mac OS X 10_15_1) AppleWebKit/605.1.15 (KHTML, like Gecko) Version/13.0.3 Safari/605.1.15\"\n","level":"info"}
{"message":"::1 - - [31/Jul/2020:20:44:11 +0000] \"GET /favicon.ico HTTP/1.1\" 404 1083 \"http://localhost:3001/user/1/inform\" \"Mozilla/5.0 (Macintosh; Intel Mac OS X 10_15_1) AppleWebKit/605.1.15 (KHTML, like Gecko) Version/13.0.3 Safari/605.1.15\"\n","level":"info"}
{"message":"::1 - - [31/Jul/2020:20:44:12 +0000] \"GET /user/1/inform HTTP/1.1\" 200 305 \"-\" \"Mozilla/5.0 (Macintosh; Intel Mac OS X 10_15_1) AppleWebKit/605.1.15 (KHTML, like Gecko) Version/13.0.3 Safari/605.1.15\"\n","level":"info"}
{"message":"::1 - - [31/Jul/2020:20:47:57 +0000] \"GET /favicon.ico HTTP/1.1\" 404 1083 \"http://localhost:3001/user/1/inform\" \"Mozilla/5.0 (Macintosh; Intel Mac OS X 10_15_1) AppleWebKit/605.1.15 (KHTML, like Gecko) Version/13.0.3 Safari/605.1.15\"\n","level":"info"}
{"message":"::1 - - [31/Jul/2020:20:47:58 +0000] \"GET /user/1/inform HTTP/1.1\" 304 - \"-\" \"Mozilla/5.0 (Macintosh; Intel Mac OS X 10_15_1) AppleWebKit/605.1.15 (KHTML, like Gecko) Version/13.0.3 Safari/605.1.15\"\n","level":"info"}
{"message":"::1 - - [31/Jul/2020:20:48:00 +0000] \"GET /favicon.ico HTTP/1.1\" 404 1083 \"http://localhost:3001/user/1/inform\" \"Mozilla/5.0 (Macintosh; Intel Mac OS X 10_15_1) AppleWebKit/605.1.15 (KHTML, like Gecko) Version/13.0.3 Safari/605.1.15\"\n","level":"info"}
{"message":"::1 - - [31/Jul/2020:20:48:00 +0000] \"GET /user/1/inform HTTP/1.1\" 304 - \"-\" \"Mozilla/5.0 (Macintosh; Intel Mac OS X 10_15_1) AppleWebKit/605.1.15 (KHTML, like Gecko) Version/13.0.3 Safari/605.1.15\"\n","level":"info"}
{"message":"::1 - - [31/Jul/2020:20:48:01 +0000] \"GET / HTTP/1.1\" 404 1083 \"-\" \"Mozilla/5.0 (Macintosh; Intel Mac OS X 10_15_1) AppleWebKit/605.1.15 (KHTML, like Gecko) Version/13.0.3 Safari/605.1.15\"\n","level":"info"}
{"message":"::1 - - [31/Jul/2020:20:48:01 +0000] \"GET /favicon.ico HTTP/1.1\" 404 1083 \"http://localhost:3001/\" \"Mozilla/5.0 (Macintosh; Intel Mac OS X 10_15_1) AppleWebKit/605.1.15 (KHTML, like Gecko) Version/13.0.3 Safari/605.1.15\"\n","level":"info"}
{"message":"::1 - - [31/Jul/2020:20:48:02 +0000] \"GET /favicon.ico HTTP/1.1\" 404 1083 \"http://localhost:3001/main\" \"Mozilla/5.0 (Macintosh; Intel Mac OS X 10_15_1) AppleWebKit/605.1.15 (KHTML, like Gecko) Version/13.0.3 Safari/605.1.15\"\n","level":"info"}
{"message":"::1 - - [31/Jul/2020:20:48:02 +0000] \"GET /main HTTP/1.1\" 304 - \"-\" \"Mozilla/5.0 (Macintosh; Intel Mac OS X 10_15_1) AppleWebKit/605.1.15 (KHTML, like Gecko) Version/13.0.3 Safari/605.1.15\"\n","level":"info"}
{"message":"::1 - - [31/Jul/2020:20:48:04 +0000] \"GET /favicon.ico HTTP/1.1\" 404 1083 \"http://localhost:3001/main\" \"Mozilla/5.0 (Macintosh; Intel Mac OS X 10_15_1) AppleWebKit/605.1.15 (KHTML, like Gecko) Version/13.0.3 Safari/605.1.15\"\n","level":"info"}
{"message":"::1 - - [31/Jul/2020:20:48:04 +0000] \"GET /main HTTP/1.1\" 304 - \"-\" \"Mozilla/5.0 (Macintosh; Intel Mac OS X 10_15_1) AppleWebKit/605.1.15 (KHTML, like Gecko) Version/13.0.3 Safari/605.1.15\"\n","level":"info"}
{"message":"::1 - - [31/Jul/2020:20:48:04 +0000] \"GET /main/list HTTP/1.1\" 404 1073 \"-\" \"Mozilla/5.0 (Macintosh; Intel Mac OS X 10_15_1) AppleWebKit/605.1.15 (KHTML, like Gecko) Version/13.0.3 Safari/605.1.15\"\n","level":"info"}
{"message":"::1 - - [31/Jul/2020:20:48:04 +0000] \"GET /favicon.ico HTTP/1.1\" 404 1083 \"http://localhost:3001/main/list\" \"Mozilla/5.0 (Macintosh; Intel Mac OS X 10_15_1) AppleWebKit/605.1.15 (KHTML, like Gecko) Version/13.0.3 Safari/605.1.15\"\n","level":"info"}
{"message":"::1 - - [31/Jul/2020:20:48:24 +0000] \"GET /main/list HTTP/1.1\" 404 1073 \"-\" \"Mozilla/5.0 (Macintosh; Intel Mac OS X 10_15_1) AppleWebKit/605.1.15 (KHTML, like Gecko) Version/13.0.3 Safari/605.1.15\"\n","level":"info"}
{"message":"::1 - - [31/Jul/2020:20:48:25 +0000] \"GET /favicon.ico HTTP/1.1\" 404 1083 \"http://localhost:3001/main\" \"Mozilla/5.0 (Macintosh; Intel Mac OS X 10_15_1) AppleWebKit/605.1.15 (KHTML, like Gecko) Version/13.0.3 Safari/605.1.15\"\n","level":"info"}
{"message":"::1 - - [31/Jul/2020:20:48:25 +0000] \"GET /main HTTP/1.1\" 304 - \"-\" \"Mozilla/5.0 (Macintosh; Intel Mac OS X 10_15_1) AppleWebKit/605.1.15 (KHTML, like Gecko) Version/13.0.3 Safari/605.1.15\"\n","level":"info"}
{"message":"::1 - - [31/Jul/2020:20:48:25 +0000] \"GET /main HTTP/1.1\" 304 - \"-\" \"Mozilla/5.0 (Macintosh; Intel Mac OS X 10_15_1) AppleWebKit/605.1.15 (KHTML, like Gecko) Version/13.0.3 Safari/605.1.15\"\n","level":"info"}
{"message":"::1 - - [31/Jul/2020:20:52:05 +0000] \"GET /favicon.ico HTTP/1.1\" 404 1083 \"http://localhost:3001/main\" \"Mozilla/5.0 (Macintosh; Intel Mac OS X 10_15_1) AppleWebKit/605.1.15 (KHTML, like Gecko) Version/13.0.3 Safari/605.1.15\"\n","level":"info"}
{"message":"::1 - - [31/Jul/2020:20:52:22 +0000] \"GET /favicon.ico HTTP/1.1\" 404 1083 \"http://localhost:3001/main\" \"Mozilla/5.0 (Macintosh; Intel Mac OS X 10_15_1) AppleWebKit/605.1.15 (KHTML, like Gecko) Version/13.0.3 Safari/605.1.15\"\n","level":"info"}
{"message":"::1 - - [31/Jul/2020:20:52:22 +0000] \"GET /main HTTP/1.1\" 200 374 \"-\" \"Mozilla/5.0 (Macintosh; Intel Mac OS X 10_15_1) AppleWebKit/605.1.15 (KHTML, like Gecko) Version/13.0.3 Safari/605.1.15\"\n","level":"info"}
{"message":"::1 - - [31/Jul/2020:20:53:01 +0000] \"GET /favicon.ico HTTP/1.1\" 404 1083 \"http://localhost:3001/main\" \"Mozilla/5.0 (Macintosh; Intel Mac OS X 10_15_1) AppleWebKit/605.1.15 (KHTML, like Gecko) Version/13.0.3 Safari/605.1.15\"\n","level":"info"}
{"message":"::1 - - [31/Jul/2020:20:53:01 +0000] \"GET /main HTTP/1.1\" 200 374 \"-\" \"Mozilla/5.0 (Macintosh; Intel Mac OS X 10_15_1) AppleWebKit/605.1.15 (KHTML, like Gecko) Version/13.0.3 Safari/605.1.15\"\n","level":"info"}
{"message":"::1 - - [31/Jul/2020:22:41:51 +0000] \"GET /favicon.ico HTTP/1.1\" 404 1083 \"http://localhost:3001/main\" \"Mozilla/5.0 (Macintosh; Intel Mac OS X 10_15_1) AppleWebKit/605.1.15 (KHTML, like Gecko) Version/13.0.3 Safari/605.1.15\"\n","level":"info"}
{"message":"::1 - - [31/Jul/2020:22:42:25 +0000] \"GET /favicon.ico HTTP/1.1\" 404 1083 \"http://localhost:3001/main\" \"Mozilla/5.0 (Macintosh; Intel Mac OS X 10_15_1) AppleWebKit/605.1.15 (KHTML, like Gecko) Version/13.0.3 Safari/605.1.15\"\n","level":"info"}
{"message":"::1 - - [31/Jul/2020:22:42:30 +0000] \"GET /favicon.ico HTTP/1.1\" 404 1083 \"http://localhost:3001/main\" \"Mozilla/5.0 (Macintosh; Intel Mac OS X 10_15_1) AppleWebKit/605.1.15 (KHTML, like Gecko) Version/13.0.3 Safari/605.1.15\"\n","level":"info"}
{"message":"::1 - - [31/Jul/2020:22:42:49 +0000] \"GET /favicon.ico HTTP/1.1\" 404 1083 \"http://localhost:3001/main\" \"Mozilla/5.0 (Macintosh; Intel Mac OS X 10_15_1) AppleWebKit/605.1.15 (KHTML, like Gecko) Version/13.0.3 Safari/605.1.15\"\n","level":"info"}
{"message":"::1 - - [31/Jul/2020:22:43:45 +0000] \"GET /favicon.ico HTTP/1.1\" 404 1083 \"http://localhost:3001/main\" \"Mozilla/5.0 (Macintosh; Intel Mac OS X 10_15_1) AppleWebKit/605.1.15 (KHTML, like Gecko) Version/13.0.3 Safari/605.1.15\"\n","level":"info"}
{"message":"::1 - - [31/Jul/2020:22:44:32 +0000] \"GET /favicon.ico HTTP/1.1\" 404 1083 \"http://localhost:3001/main\" \"Mozilla/5.0 (Macintosh; Intel Mac OS X 10_15_1) AppleWebKit/605.1.15 (KHTML, like Gecko) Version/13.0.3 Safari/605.1.15\"\n","level":"info"}
{"message":"::1 - - [31/Jul/2020:22:45:01 +0000] \"GET /favicon.ico HTTP/1.1\" 404 1083 \"http://localhost:3001/main\" \"Mozilla/5.0 (Macintosh; Intel Mac OS X 10_15_1) AppleWebKit/605.1.15 (KHTML, like Gecko) Version/13.0.3 Safari/605.1.15\"\n","level":"info"}
{"message":"::1 - - [31/Jul/2020:22:45:05 +0000] \"GET /main HTTP/1.1\" 304 - \"-\" \"Mozilla/5.0 (Macintosh; Intel Mac OS X 10_15_1) AppleWebKit/605.1.15 (KHTML, like Gecko) Version/13.0.3 Safari/605.1.15\"\n","level":"info"}
{"message":"::1 - - [31/Jul/2020:22:45:23 +0000] \"GET /favicon.ico HTTP/1.1\" 404 1083 \"http://localhost:3001/main\" \"Mozilla/5.0 (Macintosh; Intel Mac OS X 10_15_1) AppleWebKit/605.1.15 (KHTML, like Gecko) Version/13.0.3 Safari/605.1.15\"\n","level":"info"}
{"message":"::1 - - [31/Jul/2020:22:45:23 +0000] \"GET /main HTTP/1.1\" 200 374 \"-\" \"Mozilla/5.0 (Macintosh; Intel Mac OS X 10_15_1) AppleWebKit/605.1.15 (KHTML, like Gecko) Version/13.0.3 Safari/605.1.15\"\n","level":"info"}
{"message":"::1 - - [31/Jul/2020:22:45:44 +0000] \"GET /favicon.ico HTTP/1.1\" 404 1083 \"http://localhost:3001/main\" \"Mozilla/5.0 (Macintosh; Intel Mac OS X 10_15_1) AppleWebKit/605.1.15 (KHTML, like Gecko) Version/13.0.3 Safari/605.1.15\"\n","level":"info"}
{"message":"::1 - - [31/Jul/2020:22:45:44 +0000] \"GET /main HTTP/1.1\" 200 374 \"-\" \"Mozilla/5.0 (Macintosh; Intel Mac OS X 10_15_1) AppleWebKit/605.1.15 (KHTML, like Gecko) Version/13.0.3 Safari/605.1.15\"\n","level":"info"}
{"message":"::1 - - [31/Jul/2020:22:45:56 +0000] \"GET /favicon.ico HTTP/1.1\" 404 1083 \"http://localhost:3001/main\" \"Mozilla/5.0 (Macintosh; Intel Mac OS X 10_15_1) AppleWebKit/605.1.15 (KHTML, like Gecko) Version/13.0.3 Safari/605.1.15\"\n","level":"info"}
{"message":"::1 - - [31/Jul/2020:22:45:56 +0000] \"GET /main HTTP/1.1\" 200 80 \"-\" \"Mozilla/5.0 (Macintosh; Intel Mac OS X 10_15_1) AppleWebKit/605.1.15 (KHTML, like Gecko) Version/13.0.3 Safari/605.1.15\"\n","level":"info"}
{"message":"::1 - - [31/Jul/2020:22:46:08 +0000] \"GET /favicon.ico HTTP/1.1\" 404 1083 \"http://localhost:3001/main\" \"Mozilla/5.0 (Macintosh; Intel Mac OS X 10_15_1) AppleWebKit/605.1.15 (KHTML, like Gecko) Version/13.0.3 Safari/605.1.15\"\n","level":"info"}
{"message":"::1 - - [31/Jul/2020:22:46:28 +0000] \"GET /favicon.ico HTTP/1.1\" 404 1083 \"http://localhost:3001/main\" \"Mozilla/5.0 (Macintosh; Intel Mac OS X 10_15_1) AppleWebKit/605.1.15 (KHTML, like Gecko) Version/13.0.3 Safari/605.1.15\"\n","level":"info"}
{"message":"::1 - - [31/Jul/2020:22:46:46 +0000] \"GET /favicon.ico HTTP/1.1\" 404 1083 \"http://localhost:3001/main\" \"Mozilla/5.0 (Macintosh; Intel Mac OS X 10_15_1) AppleWebKit/605.1.15 (KHTML, like Gecko) Version/13.0.3 Safari/605.1.15\"\n","level":"info"}
{"message":"::1 - - [31/Jul/2020:22:46:46 +0000] \"GET /main HTTP/1.1\" 304 - \"-\" \"Mozilla/5.0 (Macintosh; Intel Mac OS X 10_15_1) AppleWebKit/605.1.15 (KHTML, like Gecko) Version/13.0.3 Safari/605.1.15\"\n","level":"info"}
{"message":"::1 - - [31/Jul/2020:22:47:04 +0000] \"GET /favicon.ico HTTP/1.1\" 404 1083 \"http://localhost:3001/main\" \"Mozilla/5.0 (Macintosh; Intel Mac OS X 10_15_1) AppleWebKit/605.1.15 (KHTML, like Gecko) Version/13.0.3 Safari/605.1.15\"\n","level":"info"}
{"message":"::1 - - [31/Jul/2020:22:47:04 +0000] \"GET /main HTTP/1.1\" 500 39 \"-\" \"Mozilla/5.0 (Macintosh; Intel Mac OS X 10_15_1) AppleWebKit/605.1.15 (KHTML, like Gecko) Version/13.0.3 Safari/605.1.15\"\n","level":"info"}
{"message":"::1 - - [31/Jul/2020:22:47:19 +0000] \"GET /favicon.ico HTTP/1.1\" 404 1083 \"http://localhost:3001/main\" \"Mozilla/5.0 (Macintosh; Intel Mac OS X 10_15_1) AppleWebKit/605.1.15 (KHTML, like Gecko) Version/13.0.3 Safari/605.1.15\"\n","level":"info"}
{"message":"::1 - - [31/Jul/2020:22:47:19 +0000] \"GET /main HTTP/1.1\" 500 2 \"-\" \"Mozilla/5.0 (Macintosh; Intel Mac OS X 10_15_1) AppleWebKit/605.1.15 (KHTML, like Gecko) Version/13.0.3 Safari/605.1.15\"\n","level":"info"}
{"message":"::1 - - [31/Jul/2020:22:47:26 +0000] \"GET /favicon.ico HTTP/1.1\" 404 1083 \"http://localhost:3001/main\" \"Mozilla/5.0 (Macintosh; Intel Mac OS X 10_15_1) AppleWebKit/605.1.15 (KHTML, like Gecko) Version/13.0.3 Safari/605.1.15\"\n","level":"info"}
{"message":"::1 - - [31/Jul/2020:22:47:26 +0000] \"GET /main HTTP/1.1\" 200 80 \"-\" \"Mozilla/5.0 (Macintosh; Intel Mac OS X 10_15_1) AppleWebKit/605.1.15 (KHTML, like Gecko) Version/13.0.3 Safari/605.1.15\"\n","level":"info"}
{"message":"::1 - - [31/Jul/2020:22:47:53 +0000] \"GET /favicon.ico HTTP/1.1\" 404 1083 \"http://localhost:3001/main\" \"Mozilla/5.0 (Macintosh; Intel Mac OS X 10_15_1) AppleWebKit/605.1.15 (KHTML, like Gecko) Version/13.0.3 Safari/605.1.15\"\n","level":"info"}
{"message":"::1 - - [31/Jul/2020:22:47:53 +0000] \"GET /main HTTP/1.1\" 200 80 \"-\" \"Mozilla/5.0 (Macintosh; Intel Mac OS X 10_15_1) AppleWebKit/605.1.15 (KHTML, like Gecko) Version/13.0.3 Safari/605.1.15\"\n","level":"info"}
{"message":"::1 - - [31/Jul/2020:22:48:04 +0000] \"GET /favicon.ico HTTP/1.1\" 404 1083 \"http://localhost:3001/main\" \"Mozilla/5.0 (Macintosh; Intel Mac OS X 10_15_1) AppleWebKit/605.1.15 (KHTML, like Gecko) Version/13.0.3 Safari/605.1.15\"\n","level":"info"}
{"message":"::1 - - [31/Jul/2020:22:48:04 +0000] \"GET /main HTTP/1.1\" 200 9 \"-\" \"Mozilla/5.0 (Macintosh; Intel Mac OS X 10_15_1) AppleWebKit/605.1.15 (KHTML, like Gecko) Version/13.0.3 Safari/605.1.15\"\n","level":"info"}
{"message":"::1 - - [31/Jul/2020:22:49:01 +0000] \"GET /favicon.ico HTTP/1.1\" 404 1083 \"http://localhost:3001/main\" \"Mozilla/5.0 (Macintosh; Intel Mac OS X 10_15_1) AppleWebKit/605.1.15 (KHTML, like Gecko) Version/13.0.3 Safari/605.1.15\"\n","level":"info"}
{"message":"::1 - - [31/Jul/2020:22:49:01 +0000] \"GET /main HTTP/1.1\" 200 80 \"-\" \"Mozilla/5.0 (Macintosh; Intel Mac OS X 10_15_1) AppleWebKit/605.1.15 (KHTML, like Gecko) Version/13.0.3 Safari/605.1.15\"\n","level":"info"}
{"message":"::1 - - [31/Jul/2020:22:51:55 +0000] \"GET /favicon.ico HTTP/1.1\" 404 1083 \"http://localhost:3001/main\" \"Mozilla/5.0 (Macintosh; Intel Mac OS X 10_15_1) AppleWebKit/605.1.15 (KHTML, like Gecko) Version/13.0.3 Safari/605.1.15\"\n","level":"info"}
{"message":"::1 - - [31/Jul/2020:22:51:55 +0000] \"GET /main HTTP/1.1\" 500 2 \"-\" \"Mozilla/5.0 (Macintosh; Intel Mac OS X 10_15_1) AppleWebKit/605.1.15 (KHTML, like Gecko) Version/13.0.3 Safari/605.1.15\"\n","level":"info"}
{"message":"::1 - - [31/Jul/2020:22:52:15 +0000] \"GET /favicon.ico HTTP/1.1\" 404 1083 \"http://localhost:3001/main\" \"Mozilla/5.0 (Macintosh; Intel Mac OS X 10_15_1) AppleWebKit/605.1.15 (KHTML, like Gecko) Version/13.0.3 Safari/605.1.15\"\n","level":"info"}
{"message":"::1 - - [31/Jul/2020:22:52:15 +0000] \"GET /main HTTP/1.1\" 200 80 \"-\" \"Mozilla/5.0 (Macintosh; Intel Mac OS X 10_15_1) AppleWebKit/605.1.15 (KHTML, like Gecko) Version/13.0.3 Safari/605.1.15\"\n","level":"info"}
{"message":"::1 - - [31/Jul/2020:22:52:22 +0000] \"GET /favicon.ico HTTP/1.1\" 404 1083 \"http://localhost:3001/main\" \"Mozilla/5.0 (Macintosh; Intel Mac OS X 10_15_1) AppleWebKit/605.1.15 (KHTML, like Gecko) Version/13.0.3 Safari/605.1.15\"\n","level":"info"}
{"message":"::1 - - [31/Jul/2020:22:52:22 +0000] \"GET /main HTTP/1.1\" 500 2 \"-\" \"Mozilla/5.0 (Macintosh; Intel Mac OS X 10_15_1) AppleWebKit/605.1.15 (KHTML, like Gecko) Version/13.0.3 Safari/605.1.15\"\n","level":"info"}
{"message":"::1 - - [31/Jul/2020:22:53:07 +0000] \"GET /favicon.ico HTTP/1.1\" 404 1083 \"http://localhost:3001/main\" \"Mozilla/5.0 (Macintosh; Intel Mac OS X 10_15_1) AppleWebKit/605.1.15 (KHTML, like Gecko) Version/13.0.3 Safari/605.1.15\"\n","level":"info"}
{"message":"::1 - - [31/Jul/2020:22:53:08 +0000] \"GET /main HTTP/1.1\" 200 80 \"-\" \"Mozilla/5.0 (Macintosh; Intel Mac OS X 10_15_1) AppleWebKit/605.1.15 (KHTML, like Gecko) Version/13.0.3 Safari/605.1.15\"\n","level":"info"}
{"message":"::1 - - [31/Jul/2020:22:53:32 +0000] \"GET /favicon.ico HTTP/1.1\" 404 1083 \"http://localhost:3001/main\" \"Mozilla/5.0 (Macintosh; Intel Mac OS X 10_15_1) AppleWebKit/605.1.15 (KHTML, like Gecko) Version/13.0.3 Safari/605.1.15\"\n","level":"info"}
{"message":"::1 - - [31/Jul/2020:22:53:32 +0000] \"GET /main HTTP/1.1\" 500 2 \"-\" \"Mozilla/5.0 (Macintosh; Intel Mac OS X 10_15_1) AppleWebKit/605.1.15 (KHTML, like Gecko) Version/13.0.3 Safari/605.1.15\"\n","level":"info"}
{"message":"::1 - - [31/Jul/2020:22:54:52 +0000] \"GET /favicon.ico HTTP/1.1\" 404 1083 \"http://localhost:3001/main\" \"Mozilla/5.0 (Macintosh; Intel Mac OS X 10_15_1) AppleWebKit/605.1.15 (KHTML, like Gecko) Version/13.0.3 Safari/605.1.15\"\n","level":"info"}
{"message":"::1 - - [31/Jul/2020:22:54:52 +0000] \"GET /main HTTP/1.1\" 500 2 \"-\" \"Mozilla/5.0 (Macintosh; Intel Mac OS X 10_15_1) AppleWebKit/605.1.15 (KHTML, like Gecko) Version/13.0.3 Safari/605.1.15\"\n","level":"info"}
{"message":"::1 - - [31/Jul/2020:23:00:57 +0000] \"GET /favicon.ico HTTP/1.1\" 404 1083 \"http://localhost:3001/main\" \"Mozilla/5.0 (Macintosh; Intel Mac OS X 10_15_1) AppleWebKit/605.1.15 (KHTML, like Gecko) Version/13.0.3 Safari/605.1.15\"\n","level":"info"}
{"message":"::1 - - [31/Jul/2020:23:00:57 +0000] \"GET /main HTTP/1.1\" 500 2 \"-\" \"Mozilla/5.0 (Macintosh; Intel Mac OS X 10_15_1) AppleWebKit/605.1.15 (KHTML, like Gecko) Version/13.0.3 Safari/605.1.15\"\n","level":"info"}
{"message":"::1 - - [31/Jul/2020:23:01:48 +0000] \"GET /favicon.ico HTTP/1.1\" 404 1083 \"http://localhost:3001/main\" \"Mozilla/5.0 (Macintosh; Intel Mac OS X 10_15_1) AppleWebKit/605.1.15 (KHTML, like Gecko) Version/13.0.3 Safari/605.1.15\"\n","level":"info"}
{"message":"::1 - - [31/Jul/2020:23:01:48 +0000] \"GET /main HTTP/1.1\" 500 2 \"-\" \"Mozilla/5.0 (Macintosh; Intel Mac OS X 10_15_1) AppleWebKit/605.1.15 (KHTML, like Gecko) Version/13.0.3 Safari/605.1.15\"\n","level":"info"}
{"message":"::1 - - [31/Jul/2020:23:03:23 +0000] \"GET /favicon.ico HTTP/1.1\" 404 1083 \"http://localhost:3001/main\" \"Mozilla/5.0 (Macintosh; Intel Mac OS X 10_15_1) AppleWebKit/605.1.15 (KHTML, like Gecko) Version/13.0.3 Safari/605.1.15\"\n","level":"info"}
{"message":"::1 - - [31/Jul/2020:23:03:24 +0000] \"GET /main HTTP/1.1\" 200 80 \"-\" \"Mozilla/5.0 (Macintosh; Intel Mac OS X 10_15_1) AppleWebKit/605.1.15 (KHTML, like Gecko) Version/13.0.3 Safari/605.1.15\"\n","level":"info"}
{"message":"::1 - - [31/Jul/2020:23:04:24 +0000] \"GET /favicon.ico HTTP/1.1\" 404 1083 \"http://localhost:3001/main\" \"Mozilla/5.0 (Macintosh; Intel Mac OS X 10_15_1) AppleWebKit/605.1.15 (KHTML, like Gecko) Version/13.0.3 Safari/605.1.15\"\n","level":"info"}
{"message":"::1 - - [31/Jul/2020:23:04:24 +0000] \"GET /main HTTP/1.1\" 200 80 \"-\" \"Mozilla/5.0 (Macintosh; Intel Mac OS X 10_15_1) AppleWebKit/605.1.15 (KHTML, like Gecko) Version/13.0.3 Safari/605.1.15\"\n","level":"info"}
{"message":"::1 - - [31/Jul/2020:23:04:41 +0000] \"GET /favicon.ico HTTP/1.1\" 404 1083 \"http://localhost:3001/main\" \"Mozilla/5.0 (Macintosh; Intel Mac OS X 10_15_1) AppleWebKit/605.1.15 (KHTML, like Gecko) Version/13.0.3 Safari/605.1.15\"\n","level":"info"}
{"message":"::1 - - [31/Jul/2020:23:04:41 +0000] \"GET /main HTTP/1.1\" 200 65 \"-\" \"Mozilla/5.0 (Macintosh; Intel Mac OS X 10_15_1) AppleWebKit/605.1.15 (KHTML, like Gecko) Version/13.0.3 Safari/605.1.15\"\n","level":"info"}
{"message":"::1 - - [31/Jul/2020:23:06:00 +0000] \"GET /favicon.ico HTTP/1.1\" 404 1083 \"http://localhost:3001/main\" \"Mozilla/5.0 (Macintosh; Intel Mac OS X 10_15_1) AppleWebKit/605.1.15 (KHTML, like Gecko) Version/13.0.3 Safari/605.1.15\"\n","level":"info"}
{"message":"::1 - - [31/Jul/2020:23:06:00 +0000] \"GET /main HTTP/1.1\" 500 2 \"-\" \"Mozilla/5.0 (Macintosh; Intel Mac OS X 10_15_1) AppleWebKit/605.1.15 (KHTML, like Gecko) Version/13.0.3 Safari/605.1.15\"\n","level":"info"}
{"message":"::1 - - [31/Jul/2020:23:06:07 +0000] \"GET /favicon.ico HTTP/1.1\" 404 1083 \"http://localhost:3001/main\" \"Mozilla/5.0 (Macintosh; Intel Mac OS X 10_15_1) AppleWebKit/605.1.15 (KHTML, like Gecko) Version/13.0.3 Safari/605.1.15\"\n","level":"info"}
{"message":"::1 - - [31/Jul/2020:23:06:07 +0000] \"GET /main HTTP/1.1\" 500 2 \"-\" \"Mozilla/5.0 (Macintosh; Intel Mac OS X 10_15_1) AppleWebKit/605.1.15 (KHTML, like Gecko) Version/13.0.3 Safari/605.1.15\"\n","level":"info"}
{"message":"::1 - - [31/Jul/2020:23:06:27 +0000] \"GET /favicon.ico HTTP/1.1\" 404 1083 \"http://localhost:3001/main\" \"Mozilla/5.0 (Macintosh; Intel Mac OS X 10_15_1) AppleWebKit/605.1.15 (KHTML, like Gecko) Version/13.0.3 Safari/605.1.15\"\n","level":"info"}
{"message":"::1 - - [31/Jul/2020:23:06:27 +0000] \"GET /main HTTP/1.1\" 200 65 \"-\" \"Mozilla/5.0 (Macintosh; Intel Mac OS X 10_15_1) AppleWebKit/605.1.15 (KHTML, like Gecko) Version/13.0.3 Safari/605.1.15\"\n","level":"info"}
{"message":"::1 - - [31/Jul/2020:23:06:40 +0000] \"GET /favicon.ico HTTP/1.1\" 404 1083 \"http://localhost:3001/main\" \"Mozilla/5.0 (Macintosh; Intel Mac OS X 10_15_1) AppleWebKit/605.1.15 (KHTML, like Gecko) Version/13.0.3 Safari/605.1.15\"\n","level":"info"}
{"message":"::1 - - [31/Jul/2020:23:06:40 +0000] \"GET /main HTTP/1.1\" 200 65 \"-\" \"Mozilla/5.0 (Macintosh; Intel Mac OS X 10_15_1) AppleWebKit/605.1.15 (KHTML, like Gecko) Version/13.0.3 Safari/605.1.15\"\n","level":"info"}
{"message":"::1 - - [31/Jul/2020:23:07:07 +0000] \"GET /favicon.ico HTTP/1.1\" 404 1083 \"http://localhost:3001/main\" \"Mozilla/5.0 (Macintosh; Intel Mac OS X 10_15_1) AppleWebKit/605.1.15 (KHTML, like Gecko) Version/13.0.3 Safari/605.1.15\"\n","level":"info"}
{"message":"::1 - - [31/Jul/2020:23:07:07 +0000] \"GET /main HTTP/1.1\" 200 65 \"-\" \"Mozilla/5.0 (Macintosh; Intel Mac OS X 10_15_1) AppleWebKit/605.1.15 (KHTML, like Gecko) Version/13.0.3 Safari/605.1.15\"\n","level":"info"}
{"message":"::1 - - [31/Jul/2020:23:07:16 +0000] \"GET /favicon.ico HTTP/1.1\" 404 1083 \"http://localhost:3001/main\" \"Mozilla/5.0 (Macintosh; Intel Mac OS X 10_15_1) AppleWebKit/605.1.15 (KHTML, like Gecko) Version/13.0.3 Safari/605.1.15\"\n","level":"info"}
{"message":"::1 - - [31/Jul/2020:23:07:16 +0000] \"GET /main HTTP/1.1\" 200 65 \"-\" \"Mozilla/5.0 (Macintosh; Intel Mac OS X 10_15_1) AppleWebKit/605.1.15 (KHTML, like Gecko) Version/13.0.3 Safari/605.1.15\"\n","level":"info"}
{"message":"::1 - - [31/Jul/2020:23:07:21 +0000] \"GET /favicon.ico HTTP/1.1\" 404 1083 \"http://localhost:3001/main\" \"Mozilla/5.0 (Macintosh; Intel Mac OS X 10_15_1) AppleWebKit/605.1.15 (KHTML, like Gecko) Version/13.0.3 Safari/605.1.15\"\n","level":"info"}
{"message":"::1 - - [31/Jul/2020:23:07:21 +0000] \"GET /main HTTP/1.1\" 200 65 \"-\" \"Mozilla/5.0 (Macintosh; Intel Mac OS X 10_15_1) AppleWebKit/605.1.15 (KHTML, like Gecko) Version/13.0.3 Safari/605.1.15\"\n","level":"info"}
{"message":"::1 - - [31/Jul/2020:23:08:35 +0000] \"GET /favicon.ico HTTP/1.1\" 404 1083 \"http://localhost:3001/main\" \"Mozilla/5.0 (Macintosh; Intel Mac OS X 10_15_1) AppleWebKit/605.1.15 (KHTML, like Gecko) Version/13.0.3 Safari/605.1.15\"\n","level":"info"}
{"message":"::1 - - [31/Jul/2020:23:08:35 +0000] \"GET /main HTTP/1.1\" 200 302 \"-\" \"Mozilla/5.0 (Macintosh; Intel Mac OS X 10_15_1) AppleWebKit/605.1.15 (KHTML, like Gecko) Version/13.0.3 Safari/605.1.15\"\n","level":"info"}
{"message":"::1 - - [31/Jul/2020:23:11:02 +0000] \"GET /favicon.ico HTTP/1.1\" 404 1083 \"http://localhost:3001/main\" \"Mozilla/5.0 (Macintosh; Intel Mac OS X 10_15_1) AppleWebKit/605.1.15 (KHTML, like Gecko) Version/13.0.3 Safari/605.1.15\"\n","level":"info"}
{"message":"::1 - - [31/Jul/2020:23:11:02 +0000] \"GET /main HTTP/1.1\" 200 2 \"-\" \"Mozilla/5.0 (Macintosh; Intel Mac OS X 10_15_1) AppleWebKit/605.1.15 (KHTML, like Gecko) Version/13.0.3 Safari/605.1.15\"\n","level":"info"}
{"message":"::1 - - [31/Jul/2020:23:11:11 +0000] \"GET /favicon.ico HTTP/1.1\" 404 1083 \"http://localhost:3001/main\" \"Mozilla/5.0 (Macintosh; Intel Mac OS X 10_15_1) AppleWebKit/605.1.15 (KHTML, like Gecko) Version/13.0.3 Safari/605.1.15\"\n","level":"info"}
{"message":"::1 - - [31/Jul/2020:23:11:11 +0000] \"GET /main HTTP/1.1\" 500 2 \"-\" \"Mozilla/5.0 (Macintosh; Intel Mac OS X 10_15_1) AppleWebKit/605.1.15 (KHTML, like Gecko) Version/13.0.3 Safari/605.1.15\"\n","level":"info"}
{"message":"::1 - - [31/Jul/2020:23:11:24 +0000] \"GET /favicon.ico HTTP/1.1\" 404 1083 \"http://localhost:3001/main\" \"Mozilla/5.0 (Macintosh; Intel Mac OS X 10_15_1) AppleWebKit/605.1.15 (KHTML, like Gecko) Version/13.0.3 Safari/605.1.15\"\n","level":"info"}
{"message":"::1 - - [31/Jul/2020:23:11:24 +0000] \"GET /main HTTP/1.1\" 500 2 \"-\" \"Mozilla/5.0 (Macintosh; Intel Mac OS X 10_15_1) AppleWebKit/605.1.15 (KHTML, like Gecko) Version/13.0.3 Safari/605.1.15\"\n","level":"info"}
{"message":"::1 - - [31/Jul/2020:23:11:49 +0000] \"GET /favicon.ico HTTP/1.1\" 404 1083 \"http://localhost:3001/main\" \"Mozilla/5.0 (Macintosh; Intel Mac OS X 10_15_1) AppleWebKit/605.1.15 (KHTML, like Gecko) Version/13.0.3 Safari/605.1.15\"\n","level":"info"}
{"message":"::1 - - [31/Jul/2020:23:11:49 +0000] \"GET /main HTTP/1.1\" 500 2 \"-\" \"Mozilla/5.0 (Macintosh; Intel Mac OS X 10_15_1) AppleWebKit/605.1.15 (KHTML, like Gecko) Version/13.0.3 Safari/605.1.15\"\n","level":"info"}
{"message":"::1 - - [31/Jul/2020:23:11:59 +0000] \"GET /favicon.ico HTTP/1.1\" 404 1083 \"http://localhost:3001/main\" \"Mozilla/5.0 (Macintosh; Intel Mac OS X 10_15_1) AppleWebKit/605.1.15 (KHTML, like Gecko) Version/13.0.3 Safari/605.1.15\"\n","level":"info"}
{"message":"::1 - - [31/Jul/2020:23:11:59 +0000] \"GET /main HTTP/1.1\" 500 2 \"-\" \"Mozilla/5.0 (Macintosh; Intel Mac OS X 10_15_1) AppleWebKit/605.1.15 (KHTML, like Gecko) Version/13.0.3 Safari/605.1.15\"\n","level":"info"}
{"message":"::1 - - [31/Jul/2020:23:12:37 +0000] \"GET /favicon.ico HTTP/1.1\" 404 1083 \"http://localhost:3001/main\" \"Mozilla/5.0 (Macintosh; Intel Mac OS X 10_15_1) AppleWebKit/605.1.15 (KHTML, like Gecko) Version/13.0.3 Safari/605.1.15\"\n","level":"info"}
{"message":"::1 - - [31/Jul/2020:23:12:37 +0000] \"GET /main HTTP/1.1\" 200 374 \"-\" \"Mozilla/5.0 (Macintosh; Intel Mac OS X 10_15_1) AppleWebKit/605.1.15 (KHTML, like Gecko) Version/13.0.3 Safari/605.1.15\"\n","level":"info"}
{"message":"::1 - - [31/Jul/2020:23:22:25 +0000] \"GET /favicon.ico HTTP/1.1\" 404 1083 \"http://localhost:3001/main\" \"Mozilla/5.0 (Macintosh; Intel Mac OS X 10_15_1) AppleWebKit/605.1.15 (KHTML, like Gecko) Version/13.0.3 Safari/605.1.15\"\n","level":"info"}
{"message":"::1 - - [31/Jul/2020:23:22:25 +0000] \"GET /main HTTP/1.1\" 200 2672 \"-\" \"Mozilla/5.0 (Macintosh; Intel Mac OS X 10_15_1) AppleWebKit/605.1.15 (KHTML, like Gecko) Version/13.0.3 Safari/605.1.15\"\n","level":"info"}
{"message":"::1 - - [31/Jul/2020:23:22:32 +0000] \"GET /favicon.ico HTTP/1.1\" 404 1083 \"http://localhost:3001/main\" \"Mozilla/5.0 (Macintosh; Intel Mac OS X 10_15_1) AppleWebKit/605.1.15 (KHTML, like Gecko) Version/13.0.3 Safari/605.1.15\"\n","level":"info"}
{"message":"::1 - - [31/Jul/2020:23:22:32 +0000] \"GET /main HTTP/1.1\" 200 213 \"-\" \"Mozilla/5.0 (Macintosh; Intel Mac OS X 10_15_1) AppleWebKit/605.1.15 (KHTML, like Gecko) Version/13.0.3 Safari/605.1.15\"\n","level":"info"}
{"message":"::1 - - [31/Jul/2020:23:23:03 +0000] \"GET /favicon.ico HTTP/1.1\" 404 1083 \"http://localhost:3001/main\" \"Mozilla/5.0 (Macintosh; Intel Mac OS X 10_15_1) AppleWebKit/605.1.15 (KHTML, like Gecko) Version/13.0.3 Safari/605.1.15\"\n","level":"info"}
{"message":"::1 - - [31/Jul/2020:23:23:03 +0000] \"GET /main HTTP/1.1\" 200 3409 \"-\" \"Mozilla/5.0 (Macintosh; Intel Mac OS X 10_15_1) AppleWebKit/605.1.15 (KHTML, like Gecko) Version/13.0.3 Safari/605.1.15\"\n","level":"info"}
{"message":"::1 - - [31/Jul/2020:23:23:10 +0000] \"GET /favicon.ico HTTP/1.1\" 404 1083 \"http://localhost:3001/main\" \"Mozilla/5.0 (Macintosh; Intel Mac OS X 10_15_1) AppleWebKit/605.1.15 (KHTML, like Gecko) Version/13.0.3 Safari/605.1.15\"\n","level":"info"}
{"message":"::1 - - [31/Jul/2020:23:23:10 +0000] \"GET /main HTTP/1.1\" 200 2 \"-\" \"Mozilla/5.0 (Macintosh; Intel Mac OS X 10_15_1) AppleWebKit/605.1.15 (KHTML, like Gecko) Version/13.0.3 Safari/605.1.15\"\n","level":"info"}
{"message":"::1 - - [31/Jul/2020:23:23:58 +0000] \"GET /favicon.ico HTTP/1.1\" 404 1083 \"http://localhost:3001/main\" \"Mozilla/5.0 (Macintosh; Intel Mac OS X 10_15_1) AppleWebKit/605.1.15 (KHTML, like Gecko) Version/13.0.3 Safari/605.1.15\"\n","level":"info"}
{"message":"::1 - - [31/Jul/2020:23:23:58 +0000] \"GET /main HTTP/1.1\" 200 2 \"-\" \"Mozilla/5.0 (Macintosh; Intel Mac OS X 10_15_1) AppleWebKit/605.1.15 (KHTML, like Gecko) Version/13.0.3 Safari/605.1.15\"\n","level":"info"}
{"message":"::1 - - [31/Jul/2020:23:24:48 +0000] \"GET /favicon.ico HTTP/1.1\" 404 1083 \"http://localhost:3001/main\" \"Mozilla/5.0 (Macintosh; Intel Mac OS X 10_15_1) AppleWebKit/605.1.15 (KHTML, like Gecko) Version/13.0.3 Safari/605.1.15\"\n","level":"info"}
{"message":"::1 - - [31/Jul/2020:23:24:48 +0000] \"GET /main HTTP/1.1\" 200 179 \"-\" \"Mozilla/5.0 (Macintosh; Intel Mac OS X 10_15_1) AppleWebKit/605.1.15 (KHTML, like Gecko) Version/13.0.3 Safari/605.1.15\"\n","level":"info"}
{"message":"::1 - - [31/Jul/2020:23:32:46 +0000] \"GET /favicon.ico HTTP/1.1\" 404 1083 \"http://localhost:3001/main\" \"Mozilla/5.0 (Macintosh; Intel Mac OS X 10_15_1) AppleWebKit/605.1.15 (KHTML, like Gecko) Version/13.0.3 Safari/605.1.15\"\n","level":"info"}
{"message":"::1 - - [31/Jul/2020:23:32:46 +0000] \"GET /main HTTP/1.1\" 500 2 \"-\" \"Mozilla/5.0 (Macintosh; Intel Mac OS X 10_15_1) AppleWebKit/605.1.15 (KHTML, like Gecko) Version/13.0.3 Safari/605.1.15\"\n","level":"info"}
{"message":"::1 - - [31/Jul/2020:23:32:54 +0000] \"GET /favicon.ico HTTP/1.1\" 404 1083 \"http://localhost:3001/main\" \"Mozilla/5.0 (Macintosh; Intel Mac OS X 10_15_1) AppleWebKit/605.1.15 (KHTML, like Gecko) Version/13.0.3 Safari/605.1.15\"\n","level":"info"}
{"message":"::1 - - [31/Jul/2020:23:32:56 +0000] \"GET /main HTTP/1.1\" 500 2 \"-\" \"Mozilla/5.0 (Macintosh; Intel Mac OS X 10_15_1) AppleWebKit/605.1.15 (KHTML, like Gecko) Version/13.0.3 Safari/605.1.15\"\n","level":"info"}
{"message":"::1 - - [31/Jul/2020:23:34:29 +0000] \"GET /favicon.ico HTTP/1.1\" 404 1083 \"http://localhost:3001/main\" \"Mozilla/5.0 (Macintosh; Intel Mac OS X 10_15_1) AppleWebKit/605.1.15 (KHTML, like Gecko) Version/13.0.3 Safari/605.1.15\"\n","level":"info"}
{"message":"::1 - - [31/Jul/2020:23:34:29 +0000] \"GET /main HTTP/1.1\" 500 2 \"-\" \"Mozilla/5.0 (Macintosh; Intel Mac OS X 10_15_1) AppleWebKit/605.1.15 (KHTML, like Gecko) Version/13.0.3 Safari/605.1.15\"\n","level":"info"}
{"message":"::1 - - [31/Jul/2020:23:37:22 +0000] \"GET /favicon.ico HTTP/1.1\" 404 1083 \"http://localhost:3001/main\" \"Mozilla/5.0 (Macintosh; Intel Mac OS X 10_15_1) AppleWebKit/605.1.15 (KHTML, like Gecko) Version/13.0.3 Safari/605.1.15\"\n","level":"info"}
{"message":"::1 - - [31/Jul/2020:23:37:22 +0000] \"GET /main HTTP/1.1\" 500 2 \"-\" \"Mozilla/5.0 (Macintosh; Intel Mac OS X 10_15_1) AppleWebKit/605.1.15 (KHTML, like Gecko) Version/13.0.3 Safari/605.1.15\"\n","level":"info"}
{"message":"::1 - - [31/Jul/2020:23:37:57 +0000] \"GET /favicon.ico HTTP/1.1\" 404 1083 \"http://localhost:3001/main\" \"Mozilla/5.0 (Macintosh; Intel Mac OS X 10_15_1) AppleWebKit/605.1.15 (KHTML, like Gecko) Version/13.0.3 Safari/605.1.15\"\n","level":"info"}
{"message":"::1 - - [31/Jul/2020:23:37:57 +0000] \"GET /main HTTP/1.1\" 500 2 \"-\" \"Mozilla/5.0 (Macintosh; Intel Mac OS X 10_15_1) AppleWebKit/605.1.15 (KHTML, like Gecko) Version/13.0.3 Safari/605.1.15\"\n","level":"info"}
{"message":"::1 - - [31/Jul/2020:23:38:26 +0000] \"GET /favicon.ico HTTP/1.1\" 404 1083 \"http://localhost:3001/main\" \"Mozilla/5.0 (Macintosh; Intel Mac OS X 10_15_1) AppleWebKit/605.1.15 (KHTML, like Gecko) Version/13.0.3 Safari/605.1.15\"\n","level":"info"}
{"message":"::1 - - [31/Jul/2020:23:38:26 +0000] \"GET /main HTTP/1.1\" 200 213 \"-\" \"Mozilla/5.0 (Macintosh; Intel Mac OS X 10_15_1) AppleWebKit/605.1.15 (KHTML, like Gecko) Version/13.0.3 Safari/605.1.15\"\n","level":"info"}
{"message":"::1 - - [31/Jul/2020:23:38:55 +0000] \"GET /favicon.ico HTTP/1.1\" 404 1083 \"http://localhost:3001/main\" \"Mozilla/5.0 (Macintosh; Intel Mac OS X 10_15_1) AppleWebKit/605.1.15 (KHTML, like Gecko) Version/13.0.3 Safari/605.1.15\"\n","level":"info"}
{"message":"::1 - - [31/Jul/2020:23:38:55 +0000] \"GET /main HTTP/1.1\" 500 2 \"-\" \"Mozilla/5.0 (Macintosh; Intel Mac OS X 10_15_1) AppleWebKit/605.1.15 (KHTML, like Gecko) Version/13.0.3 Safari/605.1.15\"\n","level":"info"}
{"message":"::1 - - [31/Jul/2020:23:39:05 +0000] \"GET /favicon.ico HTTP/1.1\" 404 1083 \"http://localhost:3001/main\" \"Mozilla/5.0 (Macintosh; Intel Mac OS X 10_15_1) AppleWebKit/605.1.15 (KHTML, like Gecko) Version/13.0.3 Safari/605.1.15\"\n","level":"info"}
{"message":"::1 - - [31/Jul/2020:23:39:05 +0000] \"GET /main HTTP/1.1\" 500 2 \"-\" \"Mozilla/5.0 (Macintosh; Intel Mac OS X 10_15_1) AppleWebKit/605.1.15 (KHTML, like Gecko) Version/13.0.3 Safari/605.1.15\"\n","level":"info"}
{"message":"::1 - - [31/Jul/2020:23:39:16 +0000] \"GET /favicon.ico HTTP/1.1\" 404 1083 \"http://localhost:3001/main\" \"Mozilla/5.0 (Macintosh; Intel Mac OS X 10_15_1) AppleWebKit/605.1.15 (KHTML, like Gecko) Version/13.0.3 Safari/605.1.15\"\n","level":"info"}
{"message":"::1 - - [31/Jul/2020:23:39:16 +0000] \"GET /main HTTP/1.1\" 500 2 \"-\" \"Mozilla/5.0 (Macintosh; Intel Mac OS X 10_15_1) AppleWebKit/605.1.15 (KHTML, like Gecko) Version/13.0.3 Safari/605.1.15\"\n","level":"info"}
{"message":"::1 - - [31/Jul/2020:23:39:22 +0000] \"GET /favicon.ico HTTP/1.1\" 404 1083 \"http://localhost:3001/main\" \"Mozilla/5.0 (Macintosh; Intel Mac OS X 10_15_1) AppleWebKit/605.1.15 (KHTML, like Gecko) Version/13.0.3 Safari/605.1.15\"\n","level":"info"}
{"message":"::1 - - [31/Jul/2020:23:39:22 +0000] \"GET /main HTTP/1.1\" 500 2 \"-\" \"Mozilla/5.0 (Macintosh; Intel Mac OS X 10_15_1) AppleWebKit/605.1.15 (KHTML, like Gecko) Version/13.0.3 Safari/605.1.15\"\n","level":"info"}
{"message":"::1 - - [31/Jul/2020:23:39:36 +0000] \"GET /favicon.ico HTTP/1.1\" 404 1083 \"http://localhost:3001/main\" \"Mozilla/5.0 (Macintosh; Intel Mac OS X 10_15_1) AppleWebKit/605.1.15 (KHTML, like Gecko) Version/13.0.3 Safari/605.1.15\"\n","level":"info"}
{"message":"::1 - - [31/Jul/2020:23:39:36 +0000] \"GET /main HTTP/1.1\" 200 213 \"-\" \"Mozilla/5.0 (Macintosh; Intel Mac OS X 10_15_1) AppleWebKit/605.1.15 (KHTML, like Gecko) Version/13.0.3 Safari/605.1.15\"\n","level":"info"}
{"message":"::1 - - [31/Jul/2020:23:39:55 +0000] \"GET /favicon.ico HTTP/1.1\" 404 1083 \"http://localhost:3001/main\" \"Mozilla/5.0 (Macintosh; Intel Mac OS X 10_15_1) AppleWebKit/605.1.15 (KHTML, like Gecko) Version/13.0.3 Safari/605.1.15\"\n","level":"info"}
{"message":"::1 - - [31/Jul/2020:23:39:56 +0000] \"GET /main HTTP/1.1\" 500 2 \"-\" \"Mozilla/5.0 (Macintosh; Intel Mac OS X 10_15_1) AppleWebKit/605.1.15 (KHTML, like Gecko) Version/13.0.3 Safari/605.1.15\"\n","level":"info"}
{"message":"::1 - - [31/Jul/2020:23:40:07 +0000] \"GET /favicon.ico HTTP/1.1\" 404 1083 \"http://localhost:3001/main\" \"Mozilla/5.0 (Macintosh; Intel Mac OS X 10_15_1) AppleWebKit/605.1.15 (KHTML, like Gecko) Version/13.0.3 Safari/605.1.15\"\n","level":"info"}
{"message":"::1 - - [31/Jul/2020:23:40:07 +0000] \"GET /main HTTP/1.1\" 200 213 \"-\" \"Mozilla/5.0 (Macintosh; Intel Mac OS X 10_15_1) AppleWebKit/605.1.15 (KHTML, like Gecko) Version/13.0.3 Safari/605.1.15\"\n","level":"info"}
{"message":"::1 - - [31/Jul/2020:23:40:14 +0000] \"GET /favicon.ico HTTP/1.1\" 404 1083 \"http://localhost:3001/main\" \"Mozilla/5.0 (Macintosh; Intel Mac OS X 10_15_1) AppleWebKit/605.1.15 (KHTML, like Gecko) Version/13.0.3 Safari/605.1.15\"\n","level":"info"}
{"message":"::1 - - [31/Jul/2020:23:40:14 +0000] \"GET /main HTTP/1.1\" 200 213 \"-\" \"Mozilla/5.0 (Macintosh; Intel Mac OS X 10_15_1) AppleWebKit/605.1.15 (KHTML, like Gecko) Version/13.0.3 Safari/605.1.15\"\n","level":"info"}
{"message":"::1 - - [31/Jul/2020:23:40:19 +0000] \"GET /favicon.ico HTTP/1.1\" 404 1083 \"http://localhost:3001/main\" \"Mozilla/5.0 (Macintosh; Intel Mac OS X 10_15_1) AppleWebKit/605.1.15 (KHTML, like Gecko) Version/13.0.3 Safari/605.1.15\"\n","level":"info"}
{"message":"::1 - - [31/Jul/2020:23:40:20 +0000] \"GET /main HTTP/1.1\" 200 213 \"-\" \"Mozilla/5.0 (Macintosh; Intel Mac OS X 10_15_1) AppleWebKit/605.1.15 (KHTML, like Gecko) Version/13.0.3 Safari/605.1.15\"\n","level":"info"}
{"message":"::1 - - [31/Jul/2020:23:40:36 +0000] \"GET /favicon.ico HTTP/1.1\" 404 1083 \"http://localhost:3001/main\" \"Mozilla/5.0 (Macintosh; Intel Mac OS X 10_15_1) AppleWebKit/605.1.15 (KHTML, like Gecko) Version/13.0.3 Safari/605.1.15\"\n","level":"info"}
{"message":"::1 - - [31/Jul/2020:23:40:36 +0000] \"GET /main HTTP/1.1\" 200 277 \"-\" \"Mozilla/5.0 (Macintosh; Intel Mac OS X 10_15_1) AppleWebKit/605.1.15 (KHTML, like Gecko) Version/13.0.3 Safari/605.1.15\"\n","level":"info"}
{"message":"::1 - - [31/Jul/2020:23:42:05 +0000] \"GET /favicon.ico HTTP/1.1\" 404 1083 \"http://localhost:3001/main\" \"Mozilla/5.0 (Macintosh; Intel Mac OS X 10_15_1) AppleWebKit/605.1.15 (KHTML, like Gecko) Version/13.0.3 Safari/605.1.15\"\n","level":"info"}
{"message":"::1 - - [31/Jul/2020:23:42:05 +0000] \"GET /main HTTP/1.1\" 200 74 \"-\" \"Mozilla/5.0 (Macintosh; Intel Mac OS X 10_15_1) AppleWebKit/605.1.15 (KHTML, like Gecko) Version/13.0.3 Safari/605.1.15\"\n","level":"info"}
{"message":"::1 - - [31/Jul/2020:23:42:14 +0000] \"GET /favicon.ico HTTP/1.1\" 404 1083 \"http://localhost:3001/main\" \"Mozilla/5.0 (Macintosh; Intel Mac OS X 10_15_1) AppleWebKit/605.1.15 (KHTML, like Gecko) Version/13.0.3 Safari/605.1.15\"\n","level":"info"}
{"message":"::1 - - [31/Jul/2020:23:42:14 +0000] \"GET /main HTTP/1.1\" 200 2 \"-\" \"Mozilla/5.0 (Macintosh; Intel Mac OS X 10_15_1) AppleWebKit/605.1.15 (KHTML, like Gecko) Version/13.0.3 Safari/605.1.15\"\n","level":"info"}
{"message":"::1 - - [31/Jul/2020:23:42:21 +0000] \"GET /favicon.ico HTTP/1.1\" 404 1083 \"http://localhost:3001/main\" \"Mozilla/5.0 (Macintosh; Intel Mac OS X 10_15_1) AppleWebKit/605.1.15 (KHTML, like Gecko) Version/13.0.3 Safari/605.1.15\"\n","level":"info"}
{"message":"::1 - - [31/Jul/2020:23:42:21 +0000] \"GET /main HTTP/1.1\" 200 74 \"-\" \"Mozilla/5.0 (Macintosh; Intel Mac OS X 10_15_1) AppleWebKit/605.1.15 (KHTML, like Gecko) Version/13.0.3 Safari/605.1.15\"\n","level":"info"}
{"message":"::1 - - [31/Jul/2020:23:42:33 +0000] \"GET /favicon.ico HTTP/1.1\" 404 1083 \"http://localhost:3001/main\" \"Mozilla/5.0 (Macintosh; Intel Mac OS X 10_15_1) AppleWebKit/605.1.15 (KHTML, like Gecko) Version/13.0.3 Safari/605.1.15\"\n","level":"info"}
{"message":"::1 - - [31/Jul/2020:23:42:34 +0000] \"GET /main HTTP/1.1\" 200 22 \"-\" \"Mozilla/5.0 (Macintosh; Intel Mac OS X 10_15_1) AppleWebKit/605.1.15 (KHTML, like Gecko) Version/13.0.3 Safari/605.1.15\"\n","level":"info"}
{"message":"::1 - - [31/Jul/2020:23:42:39 +0000] \"GET /favicon.ico HTTP/1.1\" 404 1083 \"http://localhost:3001/main\" \"Mozilla/5.0 (Macintosh; Intel Mac OS X 10_15_1) AppleWebKit/605.1.15 (KHTML, like Gecko) Version/13.0.3 Safari/605.1.15\"\n","level":"info"}
{"message":"::1 - - [31/Jul/2020:23:42:39 +0000] \"GET /main HTTP/1.1\" 200 74 \"-\" \"Mozilla/5.0 (Macintosh; Intel Mac OS X 10_15_1) AppleWebKit/605.1.15 (KHTML, like Gecko) Version/13.0.3 Safari/605.1.15\"\n","level":"info"}
{"message":"::1 - - [31/Jul/2020:23:43:39 +0000] \"GET /favicon.ico HTTP/1.1\" 404 1083 \"http://localhost:3001/main\" \"Mozilla/5.0 (Macintosh; Intel Mac OS X 10_15_1) AppleWebKit/605.1.15 (KHTML, like Gecko) Version/13.0.3 Safari/605.1.15\"\n","level":"info"}
{"message":"::1 - - [31/Jul/2020:23:43:40 +0000] \"GET /main HTTP/1.1\" 200 74 \"-\" \"Mozilla/5.0 (Macintosh; Intel Mac OS X 10_15_1) AppleWebKit/605.1.15 (KHTML, like Gecko) Version/13.0.3 Safari/605.1.15\"\n","level":"info"}
{"message":"::1 - - [31/Jul/2020:23:46:06 +0000] \"GET /favicon.ico HTTP/1.1\" 404 1083 \"http://localhost:3001/main\" \"Mozilla/5.0 (Macintosh; Intel Mac OS X 10_15_1) AppleWebKit/605.1.15 (KHTML, like Gecko) Version/13.0.3 Safari/605.1.15\"\n","level":"info"}
{"message":"::1 - - [31/Jul/2020:23:46:06 +0000] \"GET /main HTTP/1.1\" 500 2 \"-\" \"Mozilla/5.0 (Macintosh; Intel Mac OS X 10_15_1) AppleWebKit/605.1.15 (KHTML, like Gecko) Version/13.0.3 Safari/605.1.15\"\n","level":"info"}
{"message":"::1 - - [31/Jul/2020:23:46:41 +0000] \"GET /favicon.ico HTTP/1.1\" 404 1083 \"http://localhost:3001/main\" \"Mozilla/5.0 (Macintosh; Intel Mac OS X 10_15_1) AppleWebKit/605.1.15 (KHTML, like Gecko) Version/13.0.3 Safari/605.1.15\"\n","level":"info"}
{"message":"::1 - - [31/Jul/2020:23:46:42 +0000] \"GET /main HTTP/1.1\" 500 2 \"-\" \"Mozilla/5.0 (Macintosh; Intel Mac OS X 10_15_1) AppleWebKit/605.1.15 (KHTML, like Gecko) Version/13.0.3 Safari/605.1.15\"\n","level":"info"}
{"message":"::1 - - [31/Jul/2020:23:47:01 +0000] \"GET /favicon.ico HTTP/1.1\" 404 1083 \"http://localhost:3001/main\" \"Mozilla/5.0 (Macintosh; Intel Mac OS X 10_15_1) AppleWebKit/605.1.15 (KHTML, like Gecko) Version/13.0.3 Safari/605.1.15\"\n","level":"info"}
{"message":"::1 - - [31/Jul/2020:23:47:01 +0000] \"GET /main HTTP/1.1\" 500 2 \"-\" \"Mozilla/5.0 (Macintosh; Intel Mac OS X 10_15_1) AppleWebKit/605.1.15 (KHTML, like Gecko) Version/13.0.3 Safari/605.1.15\"\n","level":"info"}
{"message":"::1 - - [31/Jul/2020:23:47:07 +0000] \"GET /favicon.ico HTTP/1.1\" 404 1083 \"http://localhost:3001/main\" \"Mozilla/5.0 (Macintosh; Intel Mac OS X 10_15_1) AppleWebKit/605.1.15 (KHTML, like Gecko) Version/13.0.3 Safari/605.1.15\"\n","level":"info"}
{"message":"::1 - - [31/Jul/2020:23:47:07 +0000] \"GET /main HTTP/1.1\" 500 2 \"-\" \"Mozilla/5.0 (Macintosh; Intel Mac OS X 10_15_1) AppleWebKit/605.1.15 (KHTML, like Gecko) Version/13.0.3 Safari/605.1.15\"\n","level":"info"}
{"message":"::1 - - [31/Jul/2020:23:47:16 +0000] \"GET /favicon.ico HTTP/1.1\" 404 1083 \"http://localhost:3001/main\" \"Mozilla/5.0 (Macintosh; Intel Mac OS X 10_15_1) AppleWebKit/605.1.15 (KHTML, like Gecko) Version/13.0.3 Safari/605.1.15\"\n","level":"info"}
{"message":"::1 - - [31/Jul/2020:23:47:16 +0000] \"GET /main HTTP/1.1\" 500 2 \"-\" \"Mozilla/5.0 (Macintosh; Intel Mac OS X 10_15_1) AppleWebKit/605.1.15 (KHTML, like Gecko) Version/13.0.3 Safari/605.1.15\"\n","level":"info"}
{"message":"::1 - - [31/Jul/2020:23:47:30 +0000] \"GET /favicon.ico HTTP/1.1\" 404 1083 \"http://localhost:3001/main\" \"Mozilla/5.0 (Macintosh; Intel Mac OS X 10_15_1) AppleWebKit/605.1.15 (KHTML, like Gecko) Version/13.0.3 Safari/605.1.15\"\n","level":"info"}
{"message":"::1 - - [31/Jul/2020:23:47:30 +0000] \"GET /main HTTP/1.1\" 200 74 \"-\" \"Mozilla/5.0 (Macintosh; Intel Mac OS X 10_15_1) AppleWebKit/605.1.15 (KHTML, like Gecko) Version/13.0.3 Safari/605.1.15\"\n","level":"info"}
{"message":"::1 - - [31/Jul/2020:23:47:48 +0000] \"GET /favicon.ico HTTP/1.1\" 404 1083 \"http://localhost:3001/main\" \"Mozilla/5.0 (Macintosh; Intel Mac OS X 10_15_1) AppleWebKit/605.1.15 (KHTML, like Gecko) Version/13.0.3 Safari/605.1.15\"\n","level":"info"}
{"message":"::1 - - [31/Jul/2020:23:47:48 +0000] \"GET /main HTTP/1.1\" 500 2 \"-\" \"Mozilla/5.0 (Macintosh; Intel Mac OS X 10_15_1) AppleWebKit/605.1.15 (KHTML, like Gecko) Version/13.0.3 Safari/605.1.15\"\n","level":"info"}
{"message":"::1 - - [31/Jul/2020:23:48:00 +0000] \"GET /favicon.ico HTTP/1.1\" 404 1083 \"http://localhost:3001/main\" \"Mozilla/5.0 (Macintosh; Intel Mac OS X 10_15_1) AppleWebKit/605.1.15 (KHTML, like Gecko) Version/13.0.3 Safari/605.1.15\"\n","level":"info"}
{"message":"::1 - - [31/Jul/2020:23:48:00 +0000] \"GET /main HTTP/1.1\" 500 2 \"-\" \"Mozilla/5.0 (Macintosh; Intel Mac OS X 10_15_1) AppleWebKit/605.1.15 (KHTML, like Gecko) Version/13.0.3 Safari/605.1.15\"\n","level":"info"}
{"message":"::1 - - [31/Jul/2020:23:48:33 +0000] \"GET /favicon.ico HTTP/1.1\" 404 1083 \"http://localhost:3001/main\" \"Mozilla/5.0 (Macintosh; Intel Mac OS X 10_15_1) AppleWebKit/605.1.15 (KHTML, like Gecko) Version/13.0.3 Safari/605.1.15\"\n","level":"info"}
{"message":"::1 - - [31/Jul/2020:23:48:33 +0000] \"GET /main HTTP/1.1\" 200 74 \"-\" \"Mozilla/5.0 (Macintosh; Intel Mac OS X 10_15_1) AppleWebKit/605.1.15 (KHTML, like Gecko) Version/13.0.3 Safari/605.1.15\"\n","level":"info"}
{"message":"::1 - - [31/Jul/2020:23:48:51 +0000] \"GET /favicon.ico HTTP/1.1\" 404 1083 \"http://localhost:3001/main\" \"Mozilla/5.0 (Macintosh; Intel Mac OS X 10_15_1) AppleWebKit/605.1.15 (KHTML, like Gecko) Version/13.0.3 Safari/605.1.15\"\n","level":"info"}
{"message":"::1 - - [31/Jul/2020:23:48:51 +0000] \"GET /main HTTP/1.1\" 200 74 \"-\" \"Mozilla/5.0 (Macintosh; Intel Mac OS X 10_15_1) AppleWebKit/605.1.15 (KHTML, like Gecko) Version/13.0.3 Safari/605.1.15\"\n","level":"info"}
{"message":"::1 - - [31/Jul/2020:23:49:16 +0000] \"GET /favicon.ico HTTP/1.1\" 404 1083 \"http://localhost:3001/main\" \"Mozilla/5.0 (Macintosh; Intel Mac OS X 10_15_1) AppleWebKit/605.1.15 (KHTML, like Gecko) Version/13.0.3 Safari/605.1.15\"\n","level":"info"}
{"message":"::1 - - [31/Jul/2020:23:49:16 +0000] \"GET /main HTTP/1.1\" 500 2 \"-\" \"Mozilla/5.0 (Macintosh; Intel Mac OS X 10_15_1) AppleWebKit/605.1.15 (KHTML, like Gecko) Version/13.0.3 Safari/605.1.15\"\n","level":"info"}
{"message":"::1 - - [31/Jul/2020:23:49:26 +0000] \"GET /favicon.ico HTTP/1.1\" 404 1083 \"http://localhost:3001/main\" \"Mozilla/5.0 (Macintosh; Intel Mac OS X 10_15_1) AppleWebKit/605.1.15 (KHTML, like Gecko) Version/13.0.3 Safari/605.1.15\"\n","level":"info"}
{"message":"::1 - - [31/Jul/2020:23:49:26 +0000] \"GET /main HTTP/1.1\" 200 74 \"-\" \"Mozilla/5.0 (Macintosh; Intel Mac OS X 10_15_1) AppleWebKit/605.1.15 (KHTML, like Gecko) Version/13.0.3 Safari/605.1.15\"\n","level":"info"}
{"message":"::1 - - [31/Jul/2020:23:49:46 +0000] \"GET /favicon.ico HTTP/1.1\" 404 1083 \"http://localhost:3001/main\" \"Mozilla/5.0 (Macintosh; Intel Mac OS X 10_15_1) AppleWebKit/605.1.15 (KHTML, like Gecko) Version/13.0.3 Safari/605.1.15\"\n","level":"info"}
{"message":"::1 - - [31/Jul/2020:23:49:46 +0000] \"GET /main HTTP/1.1\" 200 74 \"-\" \"Mozilla/5.0 (Macintosh; Intel Mac OS X 10_15_1) AppleWebKit/605.1.15 (KHTML, like Gecko) Version/13.0.3 Safari/605.1.15\"\n","level":"info"}
{"message":"::1 - - [31/Jul/2020:23:51:58 +0000] \"GET /favicon.ico HTTP/1.1\" 404 1083 \"http://localhost:3001/main\" \"Mozilla/5.0 (Macintosh; Intel Mac OS X 10_15_1) AppleWebKit/605.1.15 (KHTML, like Gecko) Version/13.0.3 Safari/605.1.15\"\n","level":"info"}
{"message":"::1 - - [31/Jul/2020:23:51:58 +0000] \"GET /main HTTP/1.1\" 200 3940 \"-\" \"Mozilla/5.0 (Macintosh; Intel Mac OS X 10_15_1) AppleWebKit/605.1.15 (KHTML, like Gecko) Version/13.0.3 Safari/605.1.15\"\n","level":"info"}
{"message":"::1 - - [31/Jul/2020:23:52:04 +0000] \"GET /favicon.ico HTTP/1.1\" 404 1083 \"http://localhost:3001/main\" \"Mozilla/5.0 (Macintosh; Intel Mac OS X 10_15_1) AppleWebKit/605.1.15 (KHTML, like Gecko) Version/13.0.3 Safari/605.1.15\"\n","level":"info"}
{"message":"::1 - - [31/Jul/2020:23:52:04 +0000] \"GET /main HTTP/1.1\" 200 179 \"-\" \"Mozilla/5.0 (Macintosh; Intel Mac OS X 10_15_1) AppleWebKit/605.1.15 (KHTML, like Gecko) Version/13.0.3 Safari/605.1.15\"\n","level":"info"}
{"message":"::1 - - [31/Jul/2020:23:52:28 +0000] \"GET /favicon.ico HTTP/1.1\" 404 1083 \"http://localhost:3001/main\" \"Mozilla/5.0 (Macintosh; Intel Mac OS X 10_15_1) AppleWebKit/605.1.15 (KHTML, like Gecko) Version/13.0.3 Safari/605.1.15\"\n","level":"info"}
{"message":"::1 - - [31/Jul/2020:23:52:28 +0000] \"GET /main HTTP/1.1\" 200 2 \"-\" \"Mozilla/5.0 (Macintosh; Intel Mac OS X 10_15_1) AppleWebKit/605.1.15 (KHTML, like Gecko) Version/13.0.3 Safari/605.1.15\"\n","level":"info"}
{"message":"::1 - - [31/Jul/2020:23:52:37 +0000] \"GET /favicon.ico HTTP/1.1\" 404 1083 \"http://localhost:3001/main\" \"Mozilla/5.0 (Macintosh; Intel Mac OS X 10_15_1) AppleWebKit/605.1.15 (KHTML, like Gecko) Version/13.0.3 Safari/605.1.15\"\n","level":"info"}
{"message":"::1 - - [31/Jul/2020:23:52:37 +0000] \"GET /main HTTP/1.1\" 200 3409 \"-\" \"Mozilla/5.0 (Macintosh; Intel Mac OS X 10_15_1) AppleWebKit/605.1.15 (KHTML, like Gecko) Version/13.0.3 Safari/605.1.15\"\n","level":"info"}
{"message":"::1 - - [31/Jul/2020:23:53:01 +0000] \"GET /favicon.ico HTTP/1.1\" 404 1083 \"http://localhost:3001/main\" \"Mozilla/5.0 (Macintosh; Intel Mac OS X 10_15_1) AppleWebKit/605.1.15 (KHTML, like Gecko) Version/13.0.3 Safari/605.1.15\"\n","level":"info"}
{"message":"::1 - - [31/Jul/2020:23:53:01 +0000] \"GET /main HTTP/1.1\" 200 3940 \"-\" \"Mozilla/5.0 (Macintosh; Intel Mac OS X 10_15_1) AppleWebKit/605.1.15 (KHTML, like Gecko) Version/13.0.3 Safari/605.1.15\"\n","level":"info"}
{"message":"::1 - - [31/Jul/2020:23:53:09 +0000] \"GET /favicon.ico HTTP/1.1\" 404 1083 \"http://localhost:3001/main\" \"Mozilla/5.0 (Macintosh; Intel Mac OS X 10_15_1) AppleWebKit/605.1.15 (KHTML, like Gecko) Version/13.0.3 Safari/605.1.15\"\n","level":"info"}
{"message":"::1 - - [31/Jul/2020:23:53:09 +0000] \"GET /main HTTP/1.1\" 500 2 \"-\" \"Mozilla/5.0 (Macintosh; Intel Mac OS X 10_15_1) AppleWebKit/605.1.15 (KHTML, like Gecko) Version/13.0.3 Safari/605.1.15\"\n","level":"info"}
{"message":"::1 - - [31/Jul/2020:23:53:33 +0000] \"GET /favicon.ico HTTP/1.1\" 404 1083 \"http://localhost:3001/main\" \"Mozilla/5.0 (Macintosh; Intel Mac OS X 10_15_1) AppleWebKit/605.1.15 (KHTML, like Gecko) Version/13.0.3 Safari/605.1.15\"\n","level":"info"}
{"message":"::1 - - [31/Jul/2020:23:53:33 +0000] \"GET /main HTTP/1.1\" 200 3940 \"-\" \"Mozilla/5.0 (Macintosh; Intel Mac OS X 10_15_1) AppleWebKit/605.1.15 (KHTML, like Gecko) Version/13.0.3 Safari/605.1.15\"\n","level":"info"}
{"message":"::1 - - [31/Jul/2020:23:53:42 +0000] \"GET /favicon.ico HTTP/1.1\" 404 1083 \"http://localhost:3001/main\" \"Mozilla/5.0 (Macintosh; Intel Mac OS X 10_15_1) AppleWebKit/605.1.15 (KHTML, like Gecko) Version/13.0.3 Safari/605.1.15\"\n","level":"info"}
{"message":"::1 - - [31/Jul/2020:23:53:42 +0000] \"GET /main HTTP/1.1\" 200 179 \"-\" \"Mozilla/5.0 (Macintosh; Intel Mac OS X 10_15_1) AppleWebKit/605.1.15 (KHTML, like Gecko) Version/13.0.3 Safari/605.1.15\"\n","level":"info"}
{"message":"::1 - - [31/Jul/2020:23:53:58 +0000] \"GET /favicon.ico HTTP/1.1\" 404 1083 \"http://localhost:3001/main\" \"Mozilla/5.0 (Macintosh; Intel Mac OS X 10_15_1) AppleWebKit/605.1.15 (KHTML, like Gecko) Version/13.0.3 Safari/605.1.15\"\n","level":"info"}
{"message":"::1 - - [31/Jul/2020:23:53:58 +0000] \"GET /main HTTP/1.1\" 200 179 \"-\" \"Mozilla/5.0 (Macintosh; Intel Mac OS X 10_15_1) AppleWebKit/605.1.15 (KHTML, like Gecko) Version/13.0.3 Safari/605.1.15\"\n","level":"info"}
{"message":"::1 - - [31/Jul/2020:23:56:20 +0000] \"GET /favicon.ico HTTP/1.1\" 404 1083 \"http://localhost:3001/main\" \"Mozilla/5.0 (Macintosh; Intel Mac OS X 10_15_1) AppleWebKit/605.1.15 (KHTML, like Gecko) Version/13.0.3 Safari/605.1.15\"\n","level":"info"}
{"message":"::1 - - [31/Jul/2020:23:56:20 +0000] \"GET /main HTTP/1.1\" 200 179 \"-\" \"Mozilla/5.0 (Macintosh; Intel Mac OS X 10_15_1) AppleWebKit/605.1.15 (KHTML, like Gecko) Version/13.0.3 Safari/605.1.15\"\n","level":"info"}
{"message":"::1 - - [31/Jul/2020:23:56:33 +0000] \"GET /favicon.ico HTTP/1.1\" 404 1083 \"http://localhost:3001/main\" \"Mozilla/5.0 (Macintosh; Intel Mac OS X 10_15_1) AppleWebKit/605.1.15 (KHTML, like Gecko) Version/13.0.3 Safari/605.1.15\"\n","level":"info"}
{"message":"::1 - - [31/Jul/2020:23:56:33 +0000] \"GET /main HTTP/1.1\" 200 573 \"-\" \"Mozilla/5.0 (Macintosh; Intel Mac OS X 10_15_1) AppleWebKit/605.1.15 (KHTML, like Gecko) Version/13.0.3 Safari/605.1.15\"\n","level":"info"}
{"message":"::1 - - [31/Jul/2020:23:58:22 +0000] \"GET /favicon.ico HTTP/1.1\" 404 1083 \"http://localhost:3001/main\" \"Mozilla/5.0 (Macintosh; Intel Mac OS X 10_15_1) AppleWebKit/605.1.15 (KHTML, like Gecko) Version/13.0.3 Safari/605.1.15\"\n","level":"info"}
{"message":"::1 - - [31/Jul/2020:23:58:22 +0000] \"GET /main HTTP/1.1\" 200 591 \"-\" \"Mozilla/5.0 (Macintosh; Intel Mac OS X 10_15_1) AppleWebKit/605.1.15 (KHTML, like Gecko) Version/13.0.3 Safari/605.1.15\"\n","level":"info"}
{"message":"::1 - - [01/Aug/2020:00:03:10 +0000] \"GET /favicon.ico HTTP/1.1\" 404 1083 \"http://localhost:3001/main\" \"Mozilla/5.0 (Macintosh; Intel Mac OS X 10_15_1) AppleWebKit/605.1.15 (KHTML, like Gecko) Version/13.0.3 Safari/605.1.15\"\n","level":"info"}
{"message":"::1 - - [01/Aug/2020:00:03:10 +0000] \"GET /main HTTP/1.1\" 200 591 \"-\" \"Mozilla/5.0 (Macintosh; Intel Mac OS X 10_15_1) AppleWebKit/605.1.15 (KHTML, like Gecko) Version/13.0.3 Safari/605.1.15\"\n","level":"info"}
{"message":"::1 - - [01/Aug/2020:00:04:31 +0000] \"GET /favicon.ico HTTP/1.1\" 404 1083 \"http://localhost:3001/main\" \"Mozilla/5.0 (Macintosh; Intel Mac OS X 10_15_1) AppleWebKit/605.1.15 (KHTML, like Gecko) Version/13.0.3 Safari/605.1.15\"\n","level":"info"}
{"message":"::1 - - [01/Aug/2020:00:04:31 +0000] \"GET /main HTTP/1.1\" 200 591 \"-\" \"Mozilla/5.0 (Macintosh; Intel Mac OS X 10_15_1) AppleWebKit/605.1.15 (KHTML, like Gecko) Version/13.0.3 Safari/605.1.15\"\n","level":"info"}
{"message":"::1 - - [01/Aug/2020:00:06:33 +0000] \"GET /favicon.ico HTTP/1.1\" 404 1083 \"http://localhost:3001/main\" \"Mozilla/5.0 (Macintosh; Intel Mac OS X 10_15_1) AppleWebKit/605.1.15 (KHTML, like Gecko) Version/13.0.3 Safari/605.1.15\"\n","level":"info"}
{"message":"::1 - - [01/Aug/2020:00:06:33 +0000] \"GET /main HTTP/1.1\" 200 591 \"-\" \"Mozilla/5.0 (Macintosh; Intel Mac OS X 10_15_1) AppleWebKit/605.1.15 (KHTML, like Gecko) Version/13.0.3 Safari/605.1.15\"\n","level":"info"}
{"message":"::1 - - [01/Aug/2020:00:06:43 +0000] \"GET /favicon.ico HTTP/1.1\" 404 1083 \"http://localhost:3001/main\" \"Mozilla/5.0 (Macintosh; Intel Mac OS X 10_15_1) AppleWebKit/605.1.15 (KHTML, like Gecko) Version/13.0.3 Safari/605.1.15\"\n","level":"info"}
{"message":"::1 - - [01/Aug/2020:00:06:43 +0000] \"GET /main HTTP/1.1\" 200 591 \"-\" \"Mozilla/5.0 (Macintosh; Intel Mac OS X 10_15_1) AppleWebKit/605.1.15 (KHTML, like Gecko) Version/13.0.3 Safari/605.1.15\"\n","level":"info"}
{"message":"::1 - - [01/Aug/2020:00:09:48 +0000] \"GET /favicon.ico HTTP/1.1\" 404 1083 \"http://localhost:3001/main\" \"Mozilla/5.0 (Macintosh; Intel Mac OS X 10_15_1) AppleWebKit/605.1.15 (KHTML, like Gecko) Version/13.0.3 Safari/605.1.15\"\n","level":"info"}
{"message":"::1 - - [01/Aug/2020:00:09:48 +0000] \"GET /main HTTP/1.1\" 200 591 \"-\" \"Mozilla/5.0 (Macintosh; Intel Mac OS X 10_15_1) AppleWebKit/605.1.15 (KHTML, like Gecko) Version/13.0.3 Safari/605.1.15\"\n","level":"info"}
{"message":"::1 - - [01/Aug/2020:00:10:03 +0000] \"GET /favicon.ico HTTP/1.1\" 404 1083 \"http://localhost:3001/main\" \"Mozilla/5.0 (Macintosh; Intel Mac OS X 10_15_1) AppleWebKit/605.1.15 (KHTML, like Gecko) Version/13.0.3 Safari/605.1.15\"\n","level":"info"}
{"message":"::1 - - [01/Aug/2020:00:10:03 +0000] \"GET /main HTTP/1.1\" 200 591 \"-\" \"Mozilla/5.0 (Macintosh; Intel Mac OS X 10_15_1) AppleWebKit/605.1.15 (KHTML, like Gecko) Version/13.0.3 Safari/605.1.15\"\n","level":"info"}
{"message":"::1 - - [01/Aug/2020:00:10:26 +0000] \"GET /favicon.ico HTTP/1.1\" 404 1083 \"http://localhost:3001/main\" \"Mozilla/5.0 (Macintosh; Intel Mac OS X 10_15_1) AppleWebKit/605.1.15 (KHTML, like Gecko) Version/13.0.3 Safari/605.1.15\"\n","level":"info"}
{"message":"::1 - - [01/Aug/2020:00:10:26 +0000] \"GET /main HTTP/1.1\" 200 591 \"-\" \"Mozilla/5.0 (Macintosh; Intel Mac OS X 10_15_1) AppleWebKit/605.1.15 (KHTML, like Gecko) Version/13.0.3 Safari/605.1.15\"\n","level":"info"}
{"message":"::1 - - [01/Aug/2020:00:10:47 +0000] \"GET /favicon.ico HTTP/1.1\" 404 1083 \"http://localhost:3001/main\" \"Mozilla/5.0 (Macintosh; Intel Mac OS X 10_15_1) AppleWebKit/605.1.15 (KHTML, like Gecko) Version/13.0.3 Safari/605.1.15\"\n","level":"info"}
{"message":"::1 - - [01/Aug/2020:00:10:47 +0000] \"GET /main HTTP/1.1\" 200 591 \"-\" \"Mozilla/5.0 (Macintosh; Intel Mac OS X 10_15_1) AppleWebKit/605.1.15 (KHTML, like Gecko) Version/13.0.3 Safari/605.1.15\"\n","level":"info"}
{"message":"::1 - - [01/Aug/2020:00:11:35 +0000] \"GET /favicon.ico HTTP/1.1\" 404 1083 \"http://localhost:3001/main\" \"Mozilla/5.0 (Macintosh; Intel Mac OS X 10_15_1) AppleWebKit/605.1.15 (KHTML, like Gecko) Version/13.0.3 Safari/605.1.15\"\n","level":"info"}
{"message":"::1 - - [01/Aug/2020:00:11:35 +0000] \"GET /main HTTP/1.1\" 200 591 \"-\" \"Mozilla/5.0 (Macintosh; Intel Mac OS X 10_15_1) AppleWebKit/605.1.15 (KHTML, like Gecko) Version/13.0.3 Safari/605.1.15\"\n","level":"info"}
{"message":"::1 - - [01/Aug/2020:00:12:42 +0000] \"GET /favicon.ico HTTP/1.1\" 404 1083 \"http://localhost:3001/main\" \"Mozilla/5.0 (Macintosh; Intel Mac OS X 10_15_1) AppleWebKit/605.1.15 (KHTML, like Gecko) Version/13.0.3 Safari/605.1.15\"\n","level":"info"}
{"message":"::1 - - [01/Aug/2020:00:12:42 +0000] \"GET /main HTTP/1.1\" 500 2 \"-\" \"Mozilla/5.0 (Macintosh; Intel Mac OS X 10_15_1) AppleWebKit/605.1.15 (KHTML, like Gecko) Version/13.0.3 Safari/605.1.15\"\n","level":"info"}
{"message":"::1 - - [01/Aug/2020:00:12:47 +0000] \"GET /favicon.ico HTTP/1.1\" 404 1083 \"http://localhost:3001/main\" \"Mozilla/5.0 (Macintosh; Intel Mac OS X 10_15_1) AppleWebKit/605.1.15 (KHTML, like Gecko) Version/13.0.3 Safari/605.1.15\"\n","level":"info"}
{"message":"::1 - - [01/Aug/2020:00:12:48 +0000] \"GET /main HTTP/1.1\" 200 590 \"-\" \"Mozilla/5.0 (Macintosh; Intel Mac OS X 10_15_1) AppleWebKit/605.1.15 (KHTML, like Gecko) Version/13.0.3 Safari/605.1.15\"\n","level":"info"}
{"message":"::1 - - [01/Aug/2020:00:36:00 +0000] \"GET /favicon.ico HTTP/1.1\" 404 1083 \"http://localhost:3001/main\" \"Mozilla/5.0 (Macintosh; Intel Mac OS X 10_15_1) AppleWebKit/605.1.15 (KHTML, like Gecko) Version/13.0.3 Safari/605.1.15\"\n","level":"info"}
{"message":"::1 - - [01/Aug/2020:00:36:00 +0000] \"GET /main HTTP/1.1\" 200 650 \"-\" \"Mozilla/5.0 (Macintosh; Intel Mac OS X 10_15_1) AppleWebKit/605.1.15 (KHTML, like Gecko) Version/13.0.3 Safari/605.1.15\"\n","level":"info"}
