{"message":"::1 - - [04/Aug/2020:16:08:08 +0000] \"GET / HTTP/1.1\" 404 1083 \"-\" \"Mozilla/5.0 (Macintosh; Intel Mac OS X 10_15_1) AppleWebKit/605.1.15 (KHTML, like Gecko) Version/13.0.3 Safari/605.1.15\"\n","level":"info"}
{"message":"::1 - - [04/Aug/2020:16:08:08 +0000] \"GET /favicon.ico HTTP/1.1\" 404 1083 \"http://localhost:3001/\" \"Mozilla/5.0 (Macintosh; Intel Mac OS X 10_15_1) AppleWebKit/605.1.15 (KHTML, like Gecko) Version/13.0.3 Safari/605.1.15\"\n","level":"info"}
{"message":"::1 - - [04/Aug/2020:16:08:10 +0000] \"GET /favicon.ico HTTP/1.1\" 404 1083 \"http://localhost:3001/user/1/inform\" \"Mozilla/5.0 (Macintosh; Intel Mac OS X 10_15_1) AppleWebKit/605.1.15 (KHTML, like Gecko) Version/13.0.3 Safari/605.1.15\"\n","level":"info"}
{"message":"::1 - - [04/Aug/2020:16:08:10 +0000] \"GET /user/1/inform HTTP/1.1\" 304 - \"-\" \"Mozilla/5.0 (Macintosh; Intel Mac OS X 10_15_1) AppleWebKit/605.1.15 (KHTML, like Gecko) Version/13.0.3 Safari/605.1.15\"\n","level":"info"}
{"message":"::1 - - [04/Aug/2020:16:08:15 +0000] \"GET /favicon.ico HTTP/1.1\" 404 1083 \"http://localhost:3001/user/1/inform\" \"Mozilla/5.0 (Macintosh; Intel Mac OS X 10_15_1) AppleWebKit/605.1.15 (KHTML, like Gecko) Version/13.0.3 Safari/605.1.15\"\n","level":"info"}
{"message":"::1 - - [04/Aug/2020:16:08:15 +0000] \"GET /user/1/inform HTTP/1.1\" 304 - \"-\" \"Mozilla/5.0 (Macintosh; Intel Mac OS X 10_15_1) AppleWebKit/605.1.15 (KHTML, like Gecko) Version/13.0.3 Safari/605.1.15\"\n","level":"info"}
{"message":"::1 - - [04/Aug/2020:16:08:16 +0000] \"GET / HTTP/1.1\" 404 1083 \"-\" \"Mozilla/5.0 (Macintosh; Intel Mac OS X 10_15_1) AppleWebKit/605.1.15 (KHTML, like Gecko) Version/13.0.3 Safari/605.1.15\"\n","level":"info"}
{"message":"::1 - - [04/Aug/2020:16:08:16 +0000] \"GET /favicon.ico HTTP/1.1\" 404 1083 \"http://localhost:3001/\" \"Mozilla/5.0 (Macintosh; Intel Mac OS X 10_15_1) AppleWebKit/605.1.15 (KHTML, like Gecko) Version/13.0.3 Safari/605.1.15\"\n","level":"info"}
{"message":"::1 - - [04/Aug/2020:16:08:17 +0000] \"GET /main/list HTTP/1.1\" 304 - \"-\" \"Mozilla/5.0 (Macintosh; Intel Mac OS X 10_15_1) AppleWebKit/605.1.15 (KHTML, like Gecko) Version/13.0.3 Safari/605.1.15\"\n","level":"info"}
{"message":"::1 - - [04/Aug/2020:16:08:17 +0000] \"GET /main HTTP/1.1\" 404 1073 \"-\" \"Mozilla/5.0 (Macintosh; Intel Mac OS X 10_15_1) AppleWebKit/605.1.15 (KHTML, like Gecko) Version/13.0.3 Safari/605.1.15\"\n","level":"info"}
{"message":"::1 - - [04/Aug/2020:16:08:17 +0000] \"GET /favicon.ico HTTP/1.1\" 404 1083 \"http://localhost:3001/main\" \"Mozilla/5.0 (Macintosh; Intel Mac OS X 10_15_1) AppleWebKit/605.1.15 (KHTML, like Gecko) Version/13.0.3 Safari/605.1.15\"\n","level":"info"}
{"message":"::1 - - [04/Aug/2020:16:08:17 +0000] \"GET /main/list HTTP/1.1\" 304 - \"-\" \"Mozilla/5.0 (Macintosh; Intel Mac OS X 10_15_1) AppleWebKit/605.1.15 (KHTML, like Gecko) Version/13.0.3 Safari/605.1.15\"\n","level":"info"}
{"message":"::1 - - [04/Aug/2020:16:08:18 +0000] \"GET /main/list HTTP/1.1\" 304 - \"-\" \"Mozilla/5.0 (Macintosh; Intel Mac OS X 10_15_1) AppleWebKit/605.1.15 (KHTML, like Gecko) Version/13.0.3 Safari/605.1.15\"\n","level":"info"}
{"message":"::1 - - [04/Aug/2020:16:08:29 +0000] \"GET /main/list?keyword0=React.js&keyword1=ELK HTTP/1.1\" 304 - \"-\" \"Mozilla/5.0 (Macintosh; Intel Mac OS X 10_15_1) AppleWebKit/605.1.15 (KHTML, like Gecko) Version/13.0.3 Safari/605.1.15\"\n","level":"info"}
{"message":"::1 - - [04/Aug/2020:16:08:29 +0000] \"GET /main/list?keyword0=React.js&keyword1=ELK HTTP/1.1\" 304 - \"-\" \"Mozilla/5.0 (Macintosh; Intel Mac OS X 10_15_1) AppleWebKit/605.1.15 (KHTML, like Gecko) Version/13.0.3 Safari/605.1.15\"\n","level":"info"}
{"message":"::1 - - [04/Aug/2020:16:14:14 +0000] \"GET /main/list HTTP/1.1\" 304 - \"-\" \"Mozilla/5.0 (Macintosh; Intel Mac OS X 10_15_1) AppleWebKit/605.1.15 (KHTML, like Gecko) Version/13.0.3 Safari/605.1.15\"\n","level":"info"}
{"message":"::1 - - [04/Aug/2020:16:14:15 +0000] \"GET /main/keyword HTTP/1.1\" 304 - \"-\" \"Mozilla/5.0 (Macintosh; Intel Mac OS X 10_15_1) AppleWebKit/605.1.15 (KHTML, like Gecko) Version/13.0.3 Safari/605.1.15\"\n","level":"info"}
{"message":"::1 - - [04/Aug/2020:16:14:16 +0000] \"GET /main/keyword HTTP/1.1\" 304 - \"-\" \"Mozilla/5.0 (Macintosh; Intel Mac OS X 10_15_1) AppleWebKit/605.1.15 (KHTML, like Gecko) Version/13.0.3 Safari/605.1.15\"\n","level":"info"}
{"message":"::1 - - [04/Aug/2020:17:45:17 +0000] \"GET /main/keyword HTTP/1.1\" 200 572 \"-\" \"Mozilla/5.0 (Macintosh; Intel Mac OS X 10_15_1) AppleWebKit/605.1.15 (KHTML, like Gecko) Version/13.0.3 Safari/605.1.15\"\n","level":"info"}
{"message":"::1 - - [04/Aug/2020:17:45:29 +0000] \"GET /main/keyword HTTP/1.1\" 200 572 \"-\" \"Mozilla/5.0 (Macintosh; Intel Mac OS X 10_15_1) AppleWebKit/605.1.15 (KHTML, like Gecko) Version/13.0.3 Safari/605.1.15\"\n","level":"info"}
{"message":"::1 - - [04/Aug/2020:17:46:35 +0000] \"GET /main/keyword HTTP/1.1\" 200 572 \"-\" \"Mozilla/5.0 (Macintosh; Intel Mac OS X 10_15_1) AppleWebKit/605.1.15 (KHTML, like Gecko) Version/13.0.3 Safari/605.1.15\"\n","level":"info"}
{"message":"::1 - - [04/Aug/2020:17:46:56 +0000] \"GET /main/keyword HTTP/1.1\" 500 2 \"-\" \"Mozilla/5.0 (Macintosh; Intel Mac OS X 10_15_1) AppleWebKit/605.1.15 (KHTML, like Gecko) Version/13.0.3 Safari/605.1.15\"\n","level":"info"}
{"message":"::1 - - [04/Aug/2020:17:47:01 +0000] \"GET /main/keyword HTTP/1.1\" 200 572 \"-\" \"Mozilla/5.0 (Macintosh; Intel Mac OS X 10_15_1) AppleWebKit/605.1.15 (KHTML, like Gecko) Version/13.0.3 Safari/605.1.15\"\n","level":"info"}
{"message":"::1 - - [04/Aug/2020:17:47:47 +0000] \"GET /main/keyword HTTP/1.1\" 200 572 \"-\" \"Mozilla/5.0 (Macintosh; Intel Mac OS X 10_15_1) AppleWebKit/605.1.15 (KHTML, like Gecko) Version/13.0.3 Safari/605.1.15\"\n","level":"info"}
{"message":"::1 - - [04/Aug/2020:17:53:21 +0000] \"GET /main/keyword HTTP/1.1\" 200 572 \"-\" \"Mozilla/5.0 (Macintosh; Intel Mac OS X 10_15_1) AppleWebKit/605.1.15 (KHTML, like Gecko) Version/13.0.3 Safari/605.1.15\"\n","level":"info"}
{"message":"::1 - - [04/Aug/2020:17:53:22 +0000] \"GET /main/keyword HTTP/1.1\" 200 572 \"-\" \"Mozilla/5.0 (Macintosh; Intel Mac OS X 10_15_1) AppleWebKit/605.1.15 (KHTML, like Gecko) Version/13.0.3 Safari/605.1.15\"\n","level":"info"}
{"message":"::1 - - [04/Aug/2020:17:58:50 +0000] \"PUT /users/3/inform HTTP/1.1\" 404 1083 \"-\" \"PostmanRuntime/7.26.1\"\n","level":"info"}
{"message":"::1 - - [04/Aug/2020:17:59:03 +0000] \"PUT /users/3/inform HTTP/1.1\" 404 1083 \"-\" \"PostmanRuntime/7.26.1\"\n","level":"info"}
{"message":"::1 - - [04/Aug/2020:18:00:52 +0000] \"PUT /users/3/inform HTTP/1.1\" 404 1083 \"-\" \"PostmanRuntime/7.26.1\"\n","level":"info"}
{"message":"::1 - - [04/Aug/2020:18:02:47 +0000] \"GET /users/3/inform HTTP/1.1\" 404 1083 \"-\" \"PostmanRuntime/7.26.1\"\n","level":"info"}
{"message":"::1 - - [04/Aug/2020:18:03:28 +0000] \"GET /favicon.ico HTTP/1.1\" 404 1083 \"http://localhost:3001/user/1/inform\" \"Mozilla/5.0 (Macintosh; Intel Mac OS X 10_15_1) AppleWebKit/605.1.15 (KHTML, like Gecko) Version/13.0.3 Safari/605.1.15\"\n","level":"info"}
{"message":"::1 - - [04/Aug/2020:18:03:28 +0000] \"GET /user/1/inform HTTP/1.1\" 304 - \"-\" \"Mozilla/5.0 (Macintosh; Intel Mac OS X 10_15_1) AppleWebKit/605.1.15 (KHTML, like Gecko) Version/13.0.3 Safari/605.1.15\"\n","level":"info"}
{"message":"::1 - - [04/Aug/2020:18:03:28 +0000] \"GET /favicon.ico HTTP/1.1\" 404 1083 \"http://localhost:3001/user/1/inform\" \"Mozilla/5.0 (Macintosh; Intel Mac OS X 10_15_1) AppleWebKit/605.1.15 (KHTML, like Gecko) Version/13.0.3 Safari/605.1.15\"\n","level":"info"}
{"message":"::1 - - [04/Aug/2020:18:03:28 +0000] \"GET /user/1/inform HTTP/1.1\" 200 305 \"-\" \"Mozilla/5.0 (Macintosh; Intel Mac OS X 10_15_1) AppleWebKit/605.1.15 (KHTML, like Gecko) Version/13.0.3 Safari/605.1.15\"\n","level":"info"}
{"message":"::1 - - [04/Aug/2020:18:03:35 +0000] \"GET / HTTP/1.1\" 404 1083 \"-\" \"Mozilla/5.0 (Macintosh; Intel Mac OS X 10_15_1) AppleWebKit/605.1.15 (KHTML, like Gecko) Version/13.0.3 Safari/605.1.15\"\n","level":"info"}
{"message":"::1 - - [04/Aug/2020:18:03:35 +0000] \"GET /favicon.ico HTTP/1.1\" 404 1083 \"http://localhost:3001/\" \"Mozilla/5.0 (Macintosh; Intel Mac OS X 10_15_1) AppleWebKit/605.1.15 (KHTML, like Gecko) Version/13.0.3 Safari/605.1.15\"\n","level":"info"}
{"message":"::1 - - [04/Aug/2020:18:03:37 +0000] \"GET /favicon.ico HTTP/1.1\" 404 1083 \"http://localhost:3001/user/1/inform\" \"Mozilla/5.0 (Macintosh; Intel Mac OS X 10_15_1) AppleWebKit/605.1.15 (KHTML, like Gecko) Version/13.0.3 Safari/605.1.15\"\n","level":"info"}
{"message":"::1 - - [04/Aug/2020:18:03:37 +0000] \"GET /user/1/inform HTTP/1.1\" 304 - \"-\" \"Mozilla/5.0 (Macintosh; Intel Mac OS X 10_15_1) AppleWebKit/605.1.15 (KHTML, like Gecko) Version/13.0.3 Safari/605.1.15\"\n","level":"info"}
{"message":"::1 - - [04/Aug/2020:18:03:39 +0000] \"GET /user/3/infrom HTTP/1.1\" 404 1073 \"-\" \"Mozilla/5.0 (Macintosh; Intel Mac OS X 10_15_1) AppleWebKit/605.1.15 (KHTML, like Gecko) Version/13.0.3 Safari/605.1.15\"\n","level":"info"}
{"message":"::1 - - [04/Aug/2020:18:03:39 +0000] \"GET /favicon.ico HTTP/1.1\" 404 1083 \"http://localhost:3001/user/3/infrom\" \"Mozilla/5.0 (Macintosh; Intel Mac OS X 10_15_1) AppleWebKit/605.1.15 (KHTML, like Gecko) Version/13.0.3 Safari/605.1.15\"\n","level":"info"}
{"message":"::1 - - [04/Aug/2020:18:03:43 +0000] \"GET /user/3/inform HTTP/1.1\" 200 258 \"-\" \"Mozilla/5.0 (Macintosh; Intel Mac OS X 10_15_1) AppleWebKit/605.1.15 (KHTML, like Gecko) Version/13.0.3 Safari/605.1.15\"\n","level":"info"}
{"message":"::1 - - [04/Aug/2020:18:03:43 +0000] \"GET /favicon.ico HTTP/1.1\" 404 1083 \"http://localhost:3001/user/3/inform\" \"Mozilla/5.0 (Macintosh; Intel Mac OS X 10_15_1) AppleWebKit/605.1.15 (KHTML, like Gecko) Version/13.0.3 Safari/605.1.15\"\n","level":"info"}
{"message":"::1 - - [04/Aug/2020:18:04:04 +0000] \"GET /user/3/inform HTTP/1.1\" 200 258 \"-\" \"PostmanRuntime/7.26.1\"\n","level":"info"}
{"message":"::1 - - [04/Aug/2020:18:04:33 +0000] \"PUT /user/3/inform HTTP/1.1\" 500 2 \"-\" \"PostmanRuntime/7.26.1\"\n","level":"info"}
{"message":"::1 - - [04/Aug/2020:18:12:22 +0000] \"PUT /user/3/inform HTTP/1.1\" 500 2 \"-\" \"PostmanRuntime/7.26.1\"\n","level":"info"}
{"message":"::1 - - [04/Aug/2020:18:19:12 +0000] \"PUT /user/3/inform HTTP/1.1\" 500 2 \"-\" \"PostmanRuntime/7.26.1\"\n","level":"info"}
{"message":"::1 - - [04/Aug/2020:18:19:42 +0000] \"PUT /user/3/inform HTTP/1.1\" 500 2 \"-\" \"PostmanRuntime/7.26.1\"\n","level":"info"}
{"message":"::1 - - [04/Aug/2020:18:20:51 +0000] \"PUT /user/3/inform HTTP/1.1\" 500 2 \"-\" \"PostmanRuntime/7.26.1\"\n","level":"info"}
{"message":"::1 - - [04/Aug/2020:18:22:00 +0000] \"PUT /user/3/inform HTTP/1.1\" 500 2 \"-\" \"PostmanRuntime/7.26.1\"\n","level":"info"}
{"message":"::1 - - [04/Aug/2020:18:22:10 +0000] \"PUT /user/3/inform HTTP/1.1\" 500 2 \"-\" \"PostmanRuntime/7.26.1\"\n","level":"info"}
{"message":"::1 - - [04/Aug/2020:18:28:11 +0000] \"PUT /user/3/inform HTTP/1.1\" 500 2 \"-\" \"PostmanRuntime/7.26.1\"\n","level":"info"}
{"message":"::1 - - [04/Aug/2020:18:31:14 +0000] \"PUT /user/3/inform HTTP/1.1\" 500 2 \"-\" \"PostmanRuntime/7.26.1\"\n","level":"info"}
{"message":"::1 - - [04/Aug/2020:18:31:51 +0000] \"PUT /user/3/inform HTTP/1.1\" 500 2 \"-\" \"PostmanRuntime/7.26.1\"\n","level":"info"}
{"message":"::1 - - [04/Aug/2020:18:32:06 +0000] \"PUT /user/3/inform HTTP/1.1\" 500 2 \"-\" \"PostmanRuntime/7.26.1\"\n","level":"info"}
{"message":"::1 - - [04/Aug/2020:18:32:31 +0000] \"PUT /user/3/inform HTTP/1.1\" 500 2 \"-\" \"PostmanRuntime/7.26.1\"\n","level":"info"}
{"message":"::1 - - [04/Aug/2020:18:32:54 +0000] \"PUT /user/3/inform?email=ssen1994@naver.com HTTP/1.1\" 500 2 \"-\" \"PostmanRuntime/7.26.1\"\n","level":"info"}
{"message":"::1 - - [04/Aug/2020:18:37:28 +0000] \"PUT /user/3/inform?email=ssen1994@naver.com HTTP/1.1\" 500 2 \"-\" \"PostmanRuntime/7.26.1\"\n","level":"info"}
{"message":"::1 - - [04/Aug/2020:18:37:40 +0000] \"PUT /user/3/inform HTTP/1.1\" 500 2 \"-\" \"PostmanRuntime/7.26.1\"\n","level":"info"}
{"message":"::1 - - [04/Aug/2020:18:38:06 +0000] \"PUT /user/3/inform HTTP/1.1\" 500 2 \"-\" \"PostmanRuntime/7.26.1\"\n","level":"info"}
{"message":"::1 - - [04/Aug/2020:18:38:17 +0000] \"PUT /user/3/inform HTTP/1.1\" 500 2 \"-\" \"PostmanRuntime/7.26.1\"\n","level":"info"}
{"message":"::1 - - [04/Aug/2020:18:40:58 +0000] \"PUT /user/3/inform HTTP/1.1\" 500 2 \"-\" \"PostmanRuntime/7.26.1\"\n","level":"info"}
{"message":"::1 - - [04/Aug/2020:18:41:56 +0000] \"PUT /user/3/inform HTTP/1.1\" 500 2 \"-\" \"PostmanRuntime/7.26.1\"\n","level":"info"}
{"message":"::1 - - [04/Aug/2020:18:42:16 +0000] \"PUT /user/3/inform HTTP/1.1\" 500 2 \"-\" \"PostmanRuntime/7.26.1\"\n","level":"info"}
{"message":"::1 - - [04/Aug/2020:18:42:26 +0000] \"PUT /user/3/inform HTTP/1.1\" 500 2 \"-\" \"PostmanRuntime/7.26.1\"\n","level":"info"}
{"message":"::1 - - [04/Aug/2020:18:42:40 +0000] \"PUT /user/3/inform HTTP/1.1\" 500 2 \"-\" \"PostmanRuntime/7.26.1\"\n","level":"info"}
{"message":"::1 - - [04/Aug/2020:18:42:49 +0000] \"PUT /user/3/inform HTTP/1.1\" 500 2 \"-\" \"PostmanRuntime/7.26.1\"\n","level":"info"}
{"message":"::1 - - [04/Aug/2020:18:43:21 +0000] \"PUT /user/3/inform HTTP/1.1\" 500 2 \"-\" \"PostmanRuntime/7.26.1\"\n","level":"info"}
{"message":"::1 - - [04/Aug/2020:18:44:03 +0000] \"PUT /user/3/inform HTTP/1.1\" 500 2 \"-\" \"PostmanRuntime/7.26.1\"\n","level":"info"}
{"message":"::1 - - [04/Aug/2020:18:45:16 +0000] \"PUT /user/3/inform HTTP/1.1\" 500 2 \"-\" \"PostmanRuntime/7.26.1\"\n","level":"info"}
{"message":"::1 - - [04/Aug/2020:18:47:20 +0000] \"PUT /user/3/inform HTTP/1.1\" 500 2 \"-\" \"PostmanRuntime/7.26.1\"\n","level":"info"}
{"message":"::1 - - [04/Aug/2020:18:47:57 +0000] \"PUT /user/3/inform HTTP/1.1\" 500 2 \"-\" \"PostmanRuntime/7.26.1\"\n","level":"info"}
{"message":"::1 - - [04/Aug/2020:18:48:09 +0000] \"PUT /user/3/inform HTTP/1.1\" 500 2 \"-\" \"PostmanRuntime/7.26.1\"\n","level":"info"}
{"message":"::1 - - [04/Aug/2020:18:48:40 +0000] \"PUT /user/3/inform HTTP/1.1\" 500 2 \"-\" \"PostmanRuntime/7.26.1\"\n","level":"info"}
{"message":"::1 - - [04/Aug/2020:18:52:06 +0000] \"PUT /user/3/inform HTTP/1.1\" 500 2 \"-\" \"PostmanRuntime/7.26.1\"\n","level":"info"}
{"message":"::1 - - [04/Aug/2020:18:56:32 +0000] \"PUT /user/3/inform HTTP/1.1\" 201 147 \"-\" \"PostmanRuntime/7.26.1\"\n","level":"info"}
{"message":"::1 - - [04/Aug/2020:18:56:53 +0000] \"GET / HTTP/1.1\" 404 1083 \"-\" \"Mozilla/5.0 (Macintosh; Intel Mac OS X 10_15_1) AppleWebKit/605.1.15 (KHTML, like Gecko) Version/13.0.3 Safari/605.1.15\"\n","level":"info"}
{"message":"::1 - - [04/Aug/2020:18:56:53 +0000] \"GET /favicon.ico HTTP/1.1\" 404 1083 \"http://localhost:3001/\" \"Mozilla/5.0 (Macintosh; Intel Mac OS X 10_15_1) AppleWebKit/605.1.15 (KHTML, like Gecko) Version/13.0.3 Safari/605.1.15\"\n","level":"info"}
{"message":"::1 - - [04/Aug/2020:18:56:54 +0000] \"GET /favicon.ico HTTP/1.1\" 404 1083 \"http://localhost:3001/user/1/inform\" \"Mozilla/5.0 (Macintosh; Intel Mac OS X 10_15_1) AppleWebKit/605.1.15 (KHTML, like Gecko) Version/13.0.3 Safari/605.1.15\"\n","level":"info"}
{"message":"::1 - - [04/Aug/2020:18:56:54 +0000] \"GET /user/1/inform HTTP/1.1\" 304 - \"-\" \"Mozilla/5.0 (Macintosh; Intel Mac OS X 10_15_1) AppleWebKit/605.1.15 (KHTML, like Gecko) Version/13.0.3 Safari/605.1.15\"\n","level":"info"}
{"message":"::1 - - [04/Aug/2020:18:56:54 +0000] \"GET /user/3/inform HTTP/1.1\" 200 162 \"-\" \"Mozilla/5.0 (Macintosh; Intel Mac OS X 10_15_1) AppleWebKit/605.1.15 (KHTML, like Gecko) Version/13.0.3 Safari/605.1.15\"\n","level":"info"}
{"message":"::1 - - [04/Aug/2020:18:59:30 +0000] \"PUT /user/3/inform HTTP/1.1\" 201 147 \"-\" \"PostmanRuntime/7.26.1\"\n","level":"info"}
{"message":"::1 - - [04/Aug/2020:18:59:43 +0000] \"GET /user/3/inform HTTP/1.1\" 200 207 \"-\" \"Mozilla/5.0 (Macintosh; Intel Mac OS X 10_15_1) AppleWebKit/605.1.15 (KHTML, like Gecko) Version/13.0.3 Safari/605.1.15\"\n","level":"info"}
{"message":"::1 - - [04/Aug/2020:04:27:48 +0000] \"GET /main/keyword HTTP/1.1\" 200 636 \"-\" \"PostmanRuntime/7.26.2\"\n","level":"info"}
