2020-07-31T10:28:08-07:00 [error]: spend_item - 잘못된 아이템 타입
2020-07-31T10:31:29-07:00 [error]: spend_item - 잘못된 아이템 타입
2020-07-31T10:31:29-07:00 [error]: spend_item - 잘못된 아이템 타입
2020-07-31T10:32:16-07:00 [error]: spend_item - 잘못된 아이템 타입
2020-07-31T10:32:16-07:00 [error]: spend_item - 잘못된 아이템 타입
2020-07-31T10:33:41-07:00 [info]: spend_item - usn: 1
2020-07-31T10:34:39-07:00 [error]: spend_item - 잘못된 아이템 타입
2020-07-31T10:34:52-07:00 [error]: spend_item - 잘못된 usn 타입
2020-07-31T10:34:52-07:00 [info]: spend_item - usn: 1
2020-07-31T10:34:52-07:00 [info]: spend_item - usn: 1
2020-07-31T10:36:00-07:00 [info]: spend_item - usn: 1
2020-07-31T10:36:23-07:00 [info]: spend_item - usn: 1
2020-07-31T10:36:45-07:00 [info]: spend_item - usn: 1
2020-07-31T10:37:11-07:00 [info]: spend_item - usn: 1
2020-07-31T10:37:32-07:00 [info]: spend_item - usn: 1
2020-07-31T10:38:03-07:00 [info]: system - usn: 1
2020-07-31T10:39:43-07:00 [info]: spend_item - usn: 1
2020-07-31T10:40:14-07:00 [info]: GET - usn: 1
2020-07-31T10:42:57-07:00 [info]: GET - usn: 1
2020-07-31T10:43:23-07:00 [info]: GET - usn: 1
2020-07-31T12:27:01-07:00 [error]: GET - 파라미터 누락
2020-07-31T12:27:01-07:00 [error]: GET - 파라미터 누락
2020-07-31T13:06:01-07:00 [error]: GET - 파라미터 누락
