2020-07-31T10:26:58-07:00 [info]: http - [0mGET /favicon.ico [33m404 [0m5.891 ms - 1083[0m

2020-07-31T10:26:58-07:00 [info]: http - [0mGET /user/1/inform [32m200 [0m46.571 ms - 305[0m

2020-07-31T10:26:58-07:00 [info]: http - [0mGET /favicon.ico [33m404 [0m0.631 ms - 1083[0m

2020-07-31T10:26:58-07:00 [info]: http - [0mGET /user/1/inform [32m200 [0m73.013 ms - 305[0m

2020-07-31T10:26:58-07:00 [info]: http - [0mGET /user/one/inform [31m500 [0m16.952 ms - 2[0m

2020-07-31T10:28:08-07:00 [info]: http - [0mGET /user/one/inform [32m200 [0m6.441 ms - 57[0m

2020-07-31T10:31:29-07:00 [info]: http - [0mGET /user/1/inform [32m200 [0m5.490 ms - 57[0m

2020-07-31T10:31:29-07:00 [info]: http - [0mGET /favicon.ico [33m404 [0m4.667 ms - 1083[0m

2020-07-31T10:31:29-07:00 [info]: http - [0mGET /user/1/inform [32m200 [0m0.973 ms - 57[0m

2020-07-31T10:32:16-07:00 [info]: http - [0mGET /user/1/inform [32m200 [0m5.862 ms - 57[0m

2020-07-31T10:32:16-07:00 [info]: http - [0mGET /favicon.ico [33m404 [0m4.931 ms - 1083[0m

2020-07-31T10:32:16-07:00 [info]: http - [0mGET /user/1/inform [32m200 [0m1.229 ms - 57[0m

2020-07-31T10:32:16-07:00 [info]: http - [0mGET /favicon.ico [33m404 [0m0.682 ms - 1083[0m

2020-07-31T10:33:41-07:00 [info]: http - [0mGET /favicon.ico [33m404 [0m5.586 ms - 1083[0m

2020-07-31T10:33:41-07:00 [info]: http - [0mGET /user/1/inform [32m200 [0m118.948 ms - 357[0m

2020-07-31T10:33:41-07:00 [info]: http - [0mGET /user/one/inform [31m500 [0m24.223 ms - 2[0m

2020-07-31T10:34:39-07:00 [info]: http - [0mGET /user/one/inform [32m200 [0m5.581 ms - 57[0m

2020-07-31T10:34:52-07:00 [info]: http - [0mGET /user/one/inform [32m200 [0m5.818 ms - 57[0m

2020-07-31T10:34:52-07:00 [info]: http - [0mGET / [33m404 [0m4.707 ms - 1083[0m

2020-07-31T10:34:52-07:00 [info]: http - [0mGET /favicon.ico [33m404 [0m0.656 ms - 1083[0m

2020-07-31T10:34:52-07:00 [info]: http - [0mGET / [33m404 [0m0.519 ms - 1083[0m

2020-07-31T10:34:52-07:00 [info]: http - [0mGET /favicon.ico [33m404 [0m0.496 ms - 1083[0m

2020-07-31T10:34:52-07:00 [info]: http - [0mGET /favicon.ico [33m404 [0m0.645 ms - 1083[0m

2020-07-31T10:34:52-07:00 [info]: http - [0mGET /user/1/inform [36m304 [0m147.535 ms - -[0m

2020-07-31T10:34:52-07:00 [info]: http - [0mGET /favicon.ico [33m404 [0m0.558 ms - 1083[0m

2020-07-31T10:34:52-07:00 [info]: http - [0mGET /user/1/inform [36m304 [0m14.657 ms - -[0m

2020-07-31T10:36:00-07:00 [info]: http - [0mGET /favicon.ico [33m404 [0m5.475 ms - 1083[0m

2020-07-31T10:36:00-07:00 [info]: http - [0mGET /user/1/inform [32m200 [0m62.054 ms - 314[0m

2020-07-31T10:36:23-07:00 [info]: http - [0mGET /favicon.ico [33m404 [0m5.198 ms - 1083[0m

2020-07-31T10:36:23-07:00 [info]: http - [0mGET /user/1/inform [32m200 [0m59.617 ms - 357[0m

2020-07-31T10:36:45-07:00 [info]: http - [0mGET /favicon.ico [33m404 [0m5.813 ms - 1083[0m

2020-07-31T10:36:45-07:00 [info]: http - [0mGET /user/1/inform [32m200 [0m70.785 ms - 314[0m

2020-07-31T10:37:11-07:00 [info]: http - [0mGET /favicon.ico [33m404 [0m5.424 ms - 1083[0m

2020-07-31T10:37:11-07:00 [info]: http - [0mGET /user/1/inform [32m200 [0m113.028 ms - 305[0m

2020-07-31T10:37:32-07:00 [info]: http - [0mGET /favicon.ico [33m404 [0m5.782 ms - 1083[0m

2020-07-31T10:37:32-07:00 [info]: http - [0mGET /user/1/inform [32m200 [0m51.452 ms - 305[0m

2020-07-31T10:38:03-07:00 [info]: http - [0mGET /favicon.ico [33m404 [0m5.618 ms - 1083[0m

2020-07-31T10:38:03-07:00 [info]: http - [0mGET /user/1/inform [32m200 [0m46.620 ms - 305[0m

2020-07-31T10:39:43-07:00 [info]: http - [0mGET /favicon.ico [33m404 [0m5.188 ms - 1083[0m

2020-07-31T10:39:43-07:00 [info]: http - [0mGET /user/1/inform [32m200 [0m115.323 ms - 305[0m

2020-07-31T10:40:14-07:00 [info]: http - [0mGET /favicon.ico [33m404 [0m5.818 ms - 1083[0m

2020-07-31T10:40:14-07:00 [info]: http - [0mGET /user/1/inform [32m200 [0m58.386 ms - 305[0m

